<?xml version="1.0" encoding="UTF-8"?>
<coverage generated="1779514932754" clover="3.2.0">
  <project timestamp="1779514932754" name="All files">
    <metrics statements="403" coveredstatements="269" conditionals="372" coveredconditionals="157" methods="84" coveredmethods="37" elements="859" coveredelements="463" complexity="0" loc="403" ncloc="403" packages="3" files="4" classes="4"/>
    <package name="data">
      <metrics statements="6" coveredstatements="6" conditionals="0" coveredconditionals="0" methods="0" coveredmethods="0"/>
      <file name="roles.json" path="C:\Users\nikec\Desktop\jd-skill-parser\data\roles.json">
        <metrics statements="3" coveredstatements="3" conditionals="0" coveredconditionals="0" methods="0" coveredmethods="0"/>
        <line num="1" count="3" type="stmt"/>
        <line num="2" count="3" type="stmt"/>
        <line num="3" count="3" type="stmt"/>
      </file>
      <file name="skills.json" path="C:\Users\nikec\Desktop\jd-skill-parser\data\skills.json">
        <metrics statements="3" coveredstatements="3" conditionals="0" coveredconditionals="0" methods="0" coveredmethods="0"/>
        <line num="1" count="3" type="stmt"/>
        <line num="2" count="3" type="stmt"/>
        <line num="3" count="3" type="stmt"/>
      </file>
    </package>
    <package name="src">
      <metrics statements="379" coveredstatements="245" conditionals="360" coveredconditionals="148" methods="72" coveredmethods="25"/>
      <file name="jd-skill-parser.jsx" path="C:\Users\nikec\Desktop\jd-skill-parser\src\jd-skill-parser.jsx">
        <metrics statements="379" coveredstatements="245" conditionals="360" coveredconditionals="148" methods="72" coveredmethods="25"/>
        <line num="12" count="1" type="stmt"/>
        <line num="13" count="1" type="stmt"/>
        <line num="15" count="1" type="stmt"/>
        <line num="24" count="0" type="cond" truecount="0" falsecount="2"/>
        <line num="26" count="0" type="stmt"/>
        <line num="28" count="0" type="stmt"/>
        <line num="29" count="0" type="stmt"/>
        <line num="30" count="0" type="stmt"/>
        <line num="31" count="0" type="stmt"/>
        <line num="34" count="0" type="stmt"/>
        <line num="35" count="0" type="stmt"/>
        <line num="36" count="0" type="stmt"/>
        <line num="37" count="0" type="stmt"/>
        <line num="40" count="0" type="stmt"/>
        <line num="46" count="0" type="stmt"/>
        <line num="53" count="1" type="stmt"/>
        <line num="62" count="90" type="stmt"/>
        <line num="66" count="3" type="stmt"/>
        <line num="67" count="3" type="stmt"/>
        <line num="69" count="3" type="stmt"/>
        <line num="70" count="12" type="stmt"/>
        <line num="71" count="72" type="stmt"/>
        <line num="73" count="72" type="stmt"/>
        <line num="74" count="2" type="stmt"/>
        <line num="75" count="2" type="stmt"/>
        <line num="76" count="2" type="cond" truecount="0" falsecount="2"/>
        <line num="77" count="2" type="cond" truecount="1" falsecount="1"/>
        <line num="78" count="2" type="stmt"/>
        <line num="79" count="2" type="stmt"/>
        <line num="85" count="3" type="stmt"/>
        <line num="87" count="3" type="cond" truecount="2" falsecount="0"/>
        <line num="88" count="1" type="stmt"/>
        <line num="91" count="2" type="stmt"/>
        <line num="92" count="2" type="cond" truecount="1" falsecount="1"/>
        <line num="93" count="2" type="stmt"/>
        <line num="95" count="2" type="stmt"/>
        <line num="96" count="2" type="stmt"/>
        <line num="97" count="2" type="stmt"/>
        <line num="98" count="2" type="cond" truecount="1" falsecount="1"/>
        <line num="99" count="2" type="stmt"/>
        <line num="105" count="2" type="stmt"/>
        <line num="109" count="26" type="stmt"/>
        <line num="110" count="26" type="cond" truecount="1" falsecount="1"/>
        <line num="111" count="26" type="cond" truecount="1" falsecount="1"/>
        <line num="112" count="26" type="cond" truecount="2" falsecount="0"/>
        <line num="113" count="20" type="cond" truecount="2" falsecount="0"/>
        <line num="114" count="12" type="cond" truecount="2" falsecount="0"/>
        <line num="115" count="8" type="cond" truecount="2" falsecount="0"/>
        <line num="116" count="2" type="stmt"/>
        <line num="120" count="26" type="stmt"/>
        <line num="121" count="26" type="cond" truecount="2" falsecount="0"/>
        <line num="122" count="24" type="cond" truecount="1" falsecount="1"/>
        <line num="123" count="24" type="cond" truecount="1" falsecount="1"/>
        <line num="124" count="24" type="stmt"/>
        <line num="129" count="26" type="cond" truecount="2" falsecount="0"/>
        <line num="130" count="24" type="cond" truecount="1" falsecount="1"/>
        <line num="131" count="24" type="cond" truecount="1" falsecount="1"/>
        <line num="132" count="24" type="cond" truecount="1" falsecount="1"/>
        <line num="133" count="24" type="stmt"/>
        <line num="137" count="26" type="cond" truecount="2" falsecount="0"/>
        <line num="138" count="2" type="cond" truecount="1" falsecount="1"/>
        <line num="139" count="2" type="cond" truecount="1" falsecount="1"/>
        <line num="140" count="2" type="cond" truecount="1" falsecount="1"/>
        <line num="141" count="0" type="stmt"/>
        <line num="145" count="0" type="stmt"/>
        <line num="146" count="0" type="stmt"/>
        <line num="147" count="0" type="stmt"/>
        <line num="150" count="0" type="stmt"/>
        <line num="151" count="0" type="stmt"/>
        <line num="152" count="0" type="cond" truecount="0" falsecount="7"/>
        <line num="153" count="0" type="stmt"/>
        <line num="154" count="0" type="stmt"/>
        <line num="159" count="0" type="stmt"/>
        <line num="160" count="0" type="stmt"/>
        <line num="161" count="0" type="cond" truecount="0" falsecount="7"/>
        <line num="166" count="0" type="stmt"/>
        <line num="167" count="0" type="stmt"/>
        <line num="172" count="0" type="stmt"/>
        <line num="173" count="0" type="cond" truecount="0" falsecount="2"/>
        <line num="174" count="0" type="stmt"/>
        <line num="177" count="0" type="stmt"/>
        <line num="181" count="2" type="stmt"/>
        <line num="188" count="2" type="stmt"/>
        <line num="191" count="2" type="cond" truecount="3" falsecount="1"/>
        <line num="192" count="2" type="cond" truecount="2" falsecount="0"/>
        <line num="193" count="1" type="cond" truecount="1" falsecount="1"/>
        <line num="196" count="2" type="cond" truecount="4" falsecount="0"/>
        <line num="197" count="1" type="cond" truecount="3" falsecount="1"/>
        <line num="198" count="1" type="cond" truecount="1" falsecount="1"/>
        <line num="199" count="1" type="cond" truecount="3" falsecount="1"/>
        <line num="202" count="2" type="stmt"/>
        <line num="203" count="2" type="cond" truecount="1" falsecount="1"/>
        <line num="205" count="2" type="stmt"/>
        <line num="207" count="2" type="cond" truecount="2" falsecount="0"/>
        <line num="210" count="2" type="stmt"/>
        <line num="211" count="2" type="cond" truecount="2" falsecount="0"/>
        <line num="213" count="2" type="stmt"/>
        <line num="217" count="3" type="cond" truecount="3" falsecount="1"/>
        <line num="219" count="3" type="stmt"/>
        <line num="220" count="3" type="stmt"/>
        <line num="222" count="3" type="stmt"/>
        <line num="224" count="3" type="stmt"/>
        <line num="225" count="5" type="stmt"/>
        <line num="226" count="5" type="stmt"/>
        <line num="227" count="1100" type="cond" truecount="2" falsecount="0"/>
        <line num="231" count="1100" type="cond" truecount="2" falsecount="0"/>
        <line num="232" count="10" type="stmt"/>
        <line num="234" count="1090" type="cond" truecount="1" falsecount="1"/>
        <line num="240" count="1100" type="stmt"/>
        <line num="241" count="26" type="stmt"/>
        <line num="242" count="26" type="stmt"/>
        <line num="243" count="242" type="cond" truecount="1" falsecount="1"/>
        <line num="245" count="26" type="cond" truecount="1" falsecount="1"/>
        <line num="246" count="26" type="cond" truecount="2" falsecount="0"/>
        <line num="247" count="10" type="stmt"/>
        <line num="248" count="10" type="stmt"/>
        <line num="249" count="10" type="stmt"/>
        <line num="250" count="10" type="cond" truecount="1" falsecount="1"/>
        <line num="252" count="242" type="stmt"/>
        <line num="254" count="26" type="stmt"/>
        <line num="255" count="26" type="stmt"/>
        <line num="256" count="26" type="stmt"/>
        <line num="258" count="26" type="stmt"/>
        <line num="259" count="26" type="stmt"/>
        <line num="260" count="26" type="stmt"/>
        <line num="261" count="26" type="stmt"/>
        <line num="263" count="26" type="stmt"/>
        <line num="264" count="26" type="cond" truecount="2" falsecount="0"/>
        <line num="265" count="18" type="stmt"/>
        <line num="274" count="8" type="cond" truecount="2" falsecount="0"/>
        <line num="275" count="8" type="cond" truecount="2" falsecount="0"/>
        <line num="276" count="8" type="cond" truecount="4" falsecount="1"/>
        <line num="282" count="3" type="stmt"/>
        <line num="283" count="40" type="cond" truecount="2" falsecount="0"/>
        <line num="284" count="34" type="cond" truecount="2" falsecount="0"/>
        <line num="285" count="14" type="stmt"/>
        <line num="296" count="0" type="cond" truecount="0" falsecount="4"/>
        <line num="297" count="0" type="stmt"/>
        <line num="298" count="0" type="stmt"/>
        <line num="299" count="0" type="stmt"/>
        <line num="300" count="0" type="stmt"/>
        <line num="306" count="6" type="stmt"/>
        <line num="319" count="6" type="stmt"/>
        <line num="320" count="6" type="stmt"/>
        <line num="321" count="6" type="cond" truecount="2" falsecount="0"/>
        <line num="324" count="5" type="stmt"/>
        <line num="325" count="5" type="stmt"/>
        <line num="326" count="50" type="cond" truecount="2" falsecount="0"/>
        <line num="327" count="45" type="stmt"/>
        <line num="328" count="45" type="cond" truecount="4" falsecount="0"/>
        <line num="331" count="5" type="stmt"/>
        <line num="336" count="1" type="stmt"/>
        <line num="349" count="1" type="stmt"/>
        <line num="350" count="1" type="cond" truecount="1" falsecount="1"/>
        <line num="352" count="1" type="stmt"/>
        <line num="354" count="1" type="stmt"/>
        <line num="355" count="1" type="stmt"/>
        <line num="356" count="220" type="cond" truecount="2" falsecount="0"/>
        <line num="358" count="220" type="cond" truecount="2" falsecount="0"/>
        <line num="359" count="2" type="stmt"/>
        <line num="361" count="218" type="cond" truecount="1" falsecount="1"/>
        <line num="367" count="220" type="stmt"/>
        <line num="368" count="5" type="stmt"/>
        <line num="369" count="5" type="stmt"/>
        <line num="370" count="21" type="cond" truecount="2" falsecount="0"/>
        <line num="372" count="5" type="cond" truecount="2" falsecount="0"/>
        <line num="373" count="4" type="cond" truecount="2" falsecount="0"/>
        <line num="374" count="2" type="stmt"/>
        <line num="375" count="2" type="stmt"/>
        <line num="376" count="2" type="stmt"/>
        <line num="377" count="4" type="cond" truecount="1" falsecount="1"/>
        <line num="379" count="20" type="stmt"/>
        <line num="382" count="4" type="stmt"/>
        <line num="383" count="4" type="stmt"/>
        <line num="384" count="4" type="stmt"/>
        <line num="385" count="4" type="stmt"/>
        <line num="387" count="4" type="stmt"/>
        <line num="396" count="1" type="stmt"/>
        <line num="402" count="1" type="stmt"/>
        <line num="403" count="1" type="cond" truecount="1" falsecount="1"/>
        <line num="405" count="1" type="stmt"/>
        <line num="407" count="1" type="stmt"/>
        <line num="408" count="1" type="stmt"/>
        <line num="409" count="220" type="cond" truecount="2" falsecount="0"/>
        <line num="411" count="220" type="cond" truecount="2" falsecount="0"/>
        <line num="412" count="2" type="stmt"/>
        <line num="414" count="218" type="cond" truecount="1" falsecount="1"/>
        <line num="420" count="220" type="stmt"/>
        <line num="421" count="0" type="stmt"/>
        <line num="422" count="0" type="stmt"/>
        <line num="423" count="0" type="cond" truecount="0" falsecount="2"/>
        <line num="425" count="0" type="cond" truecount="0" falsecount="2"/>
        <line num="426" count="0" type="cond" truecount="0" falsecount="2"/>
        <line num="427" count="0" type="stmt"/>
        <line num="428" count="0" type="stmt"/>
        <line num="429" count="0" type="stmt"/>
        <line num="430" count="0" type="cond" truecount="0" falsecount="2"/>
        <line num="432" count="0" type="stmt"/>
        <line num="434" count="0" type="stmt"/>
        <line num="435" count="0" type="stmt"/>
        <line num="436" count="0" type="stmt"/>
        <line num="439" count="0" type="stmt"/>
        <line num="440" count="0" type="stmt"/>
        <line num="442" count="0" type="stmt"/>
        <line num="451" count="1" type="stmt"/>
        <line num="457" count="1" type="stmt"/>
        <line num="458" count="1" type="cond" truecount="1" falsecount="1"/>
        <line num="460" count="1" type="stmt"/>
        <line num="462" count="1" type="stmt"/>
        <line num="463" count="1" type="stmt"/>
        <line num="464" count="220" type="cond" truecount="2" falsecount="0"/>
        <line num="466" count="220" type="cond" truecount="2" falsecount="0"/>
        <line num="467" count="2" type="stmt"/>
        <line num="469" count="218" type="cond" truecount="1" falsecount="1"/>
        <line num="475" count="220" type="stmt"/>
        <line num="476" count="1" type="stmt"/>
        <line num="477" count="1" type="stmt"/>
        <line num="478" count="6" type="cond" truecount="1" falsecount="1"/>
        <line num="480" count="1" type="cond" truecount="1" falsecount="1"/>
        <line num="481" count="1" type="cond" truecount="1" falsecount="1"/>
        <line num="482" count="0" type="stmt"/>
        <line num="483" count="0" type="stmt"/>
        <line num="484" count="0" type="stmt"/>
        <line num="485" count="0" type="cond" truecount="0" falsecount="2"/>
        <line num="487" count="6" type="stmt"/>
        <line num="489" count="1" type="stmt"/>
        <line num="490" count="1" type="stmt"/>
        <line num="491" count="1" type="stmt"/>
        <line num="493" count="1" type="stmt"/>
        <line num="502" count="1" type="stmt"/>
        <line num="507" count="1" type="stmt"/>
        <line num="514" count="1" type="stmt"/>
        <line num="515" count="1" type="stmt"/>
        <line num="519" count="1" type="stmt"/>
        <line num="520" count="1" type="cond" truecount="1" falsecount="1"/>
        <line num="523" count="1" type="stmt"/>
        <line num="525" count="1" type="stmt"/>
        <line num="527" count="1" type="stmt"/>
        <line num="528" count="1" type="cond" truecount="1" falsecount="1"/>
        <line num="530" count="1" type="stmt"/>
        <line num="532" count="1" type="stmt"/>
        <line num="533" count="1" type="stmt"/>
        <line num="534" count="220" type="cond" truecount="2" falsecount="0"/>
        <line num="536" count="220" type="cond" truecount="2" falsecount="0"/>
        <line num="537" count="2" type="stmt"/>
        <line num="539" count="218" type="cond" truecount="1" falsecount="1"/>
        <line num="545" count="220" type="stmt"/>
        <line num="546" count="4" type="stmt"/>
        <line num="547" count="4" type="stmt"/>
        <line num="548" count="45" type="cond" truecount="1" falsecount="1"/>
        <line num="550" count="4" type="cond" truecount="1" falsecount="1"/>
        <line num="551" count="4" type="cond" truecount="2" falsecount="0"/>
        <line num="552" count="2" type="stmt"/>
        <line num="553" count="2" type="stmt"/>
        <line num="554" count="2" type="stmt"/>
        <line num="555" count="2" type="cond" truecount="1" falsecount="1"/>
        <line num="557" count="45" type="stmt"/>
        <line num="559" count="4" type="stmt"/>
        <line num="560" count="4" type="stmt"/>
        <line num="561" count="4" type="stmt"/>
        <line num="563" count="4" type="stmt"/>
        <line num="573" count="1" type="stmt"/>
        <line num="578" count="1" type="cond" truecount="3" falsecount="1"/>
        <line num="580" count="1" type="stmt"/>
        <line num="582" count="1" type="stmt"/>
        <line num="583" count="1" type="stmt"/>
        <line num="584" count="1" type="stmt"/>
        <line num="585" count="1" type="stmt"/>
        <line num="588" count="1" type="stmt"/>
        <line num="590" count="1" type="stmt"/>
        <line num="592" count="1" type="stmt"/>
        <line num="593" count="9" type="stmt"/>
        <line num="594" count="9" type="cond" truecount="2" falsecount="0"/>
        <line num="595" count="7" type="stmt"/>
        <line num="598" count="2" type="cond" truecount="2" falsecount="0"/>
        <line num="599" count="1" type="stmt"/>
        <line num="604" count="1" type="stmt"/>
        <line num="605" count="14" type="cond" truecount="2" falsecount="0"/>
        <line num="606" count="4" type="stmt"/>
        <line num="616" count="1" type="stmt"/>
        <line num="693" count="0" type="stmt"/>
        <line num="701" count="0" type="cond" truecount="0" falsecount="2"/>
        <line num="702" count="0" type="stmt"/>
        <line num="710" count="0" type="stmt"/>
        <line num="711" count="0" type="stmt"/>
        <line num="712" count="0" type="stmt"/>
        <line num="713" count="0" type="stmt"/>
        <line num="715" count="0" type="stmt"/>
        <line num="716" count="0" type="cond" truecount="0" falsecount="2"/>
        <line num="717" count="0" type="stmt"/>
        <line num="720" count="0" type="stmt"/>
        <line num="736" count="0" type="stmt"/>
        <line num="737" count="0" type="cond" truecount="0" falsecount="2"/>
        <line num="739" count="0" type="stmt"/>
        <line num="740" count="0" type="cond" truecount="0" falsecount="2"/>
        <line num="742" count="0" type="stmt"/>
        <line num="811" count="0" type="cond" truecount="0" falsecount="4"/>
        <line num="827" count="0" type="cond" truecount="0" falsecount="2"/>
        <line num="829" count="0" type="stmt"/>
        <line num="830" count="0" type="stmt"/>
        <line num="831" count="0" type="cond" truecount="0" falsecount="2"/>
        <line num="833" count="0" type="cond" truecount="0" falsecount="4"/>
        <line num="834" count="0" type="cond" truecount="0" falsecount="4"/>
        <line num="838" count="0" type="stmt"/>
        <line num="928" count="0" type="cond" truecount="0" falsecount="4"/>
        <line num="948" count="0" type="cond" truecount="0" falsecount="4"/>
        <line num="970" count="0" type="cond" truecount="0" falsecount="4"/>
        <line num="993" count="0" type="stmt"/>
        <line num="1006" count="0" type="stmt"/>
        <line num="1013" count="0" type="stmt"/>
        <line num="1025" count="0" type="stmt"/>
        <line num="1029" count="0" type="stmt"/>
        <line num="1034" count="0" type="stmt"/>
        <line num="1050" count="0" type="cond" truecount="0" falsecount="4"/>
        <line num="1064" count="0" type="cond" truecount="0" falsecount="2"/>
        <line num="1065" count="0" type="stmt"/>
        <line num="1072" count="0" type="stmt"/>
        <line num="1076" count="0" type="stmt"/>
        <line num="1140" count="9" type="cond" truecount="4" falsecount="0"/>
        <line num="1142" count="7" type="stmt"/>
        <line num="1144" count="6" type="stmt"/>
        <line num="1145" count="6" type="stmt"/>
        <line num="1146" count="6" type="stmt"/>
        <line num="1147" count="6" type="stmt"/>
        <line num="1150" count="6" type="stmt"/>
        <line num="1151" count="7" type="stmt"/>
        <line num="1152" count="7" type="cond" truecount="2" falsecount="0"/>
        <line num="1154" count="2" type="stmt"/>
        <line num="1159" count="5" type="cond" truecount="4" falsecount="0"/>
        <line num="1161" count="2" type="stmt"/>
        <line num="1168" count="3" type="stmt"/>
        <line num="1177" count="7" type="stmt"/>
        <line num="1178" count="6" type="stmt"/>
        <line num="1179" count="7" type="cond" truecount="2" falsecount="0"/>
        <line num="1180" count="2" type="stmt"/>
        <line num="1185" count="6" type="stmt"/>
        <line num="1186" count="6" type="stmt"/>
        <line num="1188" count="6" type="stmt"/>
        <line num="1196" count="0" type="stmt"/>
        <line num="1197" count="0" type="stmt"/>
        <line num="1198" count="0" type="stmt"/>
        <line num="1199" count="0" type="stmt"/>
        <line num="1200" count="0" type="stmt"/>
        <line num="1201" count="0" type="stmt"/>
        <line num="1202" count="0" type="stmt"/>
        <line num="1203" count="0" type="stmt"/>
        <line num="1205" count="0" type="stmt"/>
        <line num="1206" count="0" type="stmt"/>
        <line num="1207" count="0" type="stmt"/>
        <line num="1208" count="0" type="stmt"/>
        <line num="1209" count="0" type="stmt"/>
        <line num="1210" count="0" type="stmt"/>
        <line num="1211" count="0" type="stmt"/>
        <line num="1212" count="0" type="stmt"/>
        <line num="1213" count="0" type="cond" truecount="0" falsecount="4"/>
        <line num="1214" count="0" type="stmt"/>
        <line num="1218" count="0" type="stmt"/>
        <line num="1219" count="0" type="stmt"/>
        <line num="1220" count="0" type="stmt"/>
        <line num="1222" count="0" type="cond" truecount="0" falsecount="4"/>
        <line num="1223" count="0" type="stmt"/>
        <line num="1227" count="0" type="stmt"/>
        <line num="1228" count="0" type="cond" truecount="0" falsecount="2"/>
        <line num="1229" count="0" type="stmt"/>
        <line num="1230" count="0" type="stmt"/>
        <line num="1231" count="0" type="stmt"/>
        <line num="1232" count="0" type="stmt"/>
        <line num="1233" count="0" type="stmt"/>
        <line num="1234" count="0" type="stmt"/>
        <line num="1235" count="0" type="stmt"/>
        <line num="1236" count="0" type="stmt"/>
        <line num="1239" count="0" type="stmt"/>
        <line num="1267" count="0" type="stmt"/>
        <line num="1269" count="0" type="stmt"/>
        <line num="1297" count="0" type="stmt"/>
        <line num="1303" count="0" type="stmt"/>
        <line num="1312" count="0" type="stmt"/>
        <line num="1360" count="0" type="stmt"/>
        <line num="1377" count="0" type="stmt"/>
      </file>
    </package>
    <package name="src.lib">
      <metrics statements="18" coveredstatements="18" conditionals="12" coveredconditionals="9" methods="12" coveredmethods="12"/>
      <file name="registry.js" path="C:\Users\nikec\Desktop\jd-skill-parser\src\lib\registry.js">
        <metrics statements="18" coveredstatements="18" conditionals="12" coveredconditionals="9" methods="12" coveredmethods="12"/>
        <line num="4" count="384" type="stmt"/>
        <line num="5" count="30" type="stmt"/>
        <line num="9" count="3" type="stmt"/>
        <line num="11" count="660" type="stmt"/>
        <line num="18" count="4242" type="stmt"/>
        <line num="21" count="12" type="stmt"/>
        <line num="27" count="9" type="cond" truecount="2" falsecount="0"/>
        <line num="28" count="7" type="stmt"/>
        <line num="29" count="7" type="stmt"/>
        <line num="30" count="40" type="stmt"/>
        <line num="31" count="40" type="cond" truecount="4" falsecount="0"/>
        <line num="32" count="5" type="stmt"/>
        <line num="34" count="25" type="cond" truecount="1" falsecount="1"/>
        <line num="35" count="20" type="cond" truecount="1" falsecount="1"/>
        <line num="36" count="20" type="cond" truecount="1" falsecount="1"/>
        <line num="40" count="2" type="stmt"/>
        <line num="44" count="6" type="stmt"/>
        <line num="48" count="4" type="stmt"/>
      </file>
    </package>
  </project>
</coverage>
