{"C:\\Users\\nikec\\Desktop\\jd-skill-parser\\data\\roles.json": {"path":"C:\\Users\\nikec\\Desktop\\jd-skill-parser\\data\\roles.json","statementMap":{"0":{"start":{"line":1,"column":23},"end":{"line":1,"column":31}},"1":{"start":{"line":2,"column":23},"end":{"line":2,"column":35}},"2":{"start":{"line":3,"column":21},"end":{"line":3,"column":2203}}},"fnMap":{},"branchMap":{},"s":{"0":3,"1":3,"2":3},"f":{},"b":{},"meta":{"lastBranch":0,"lastFunction":0,"lastStatement":3,"seen":{"s:1:23:1:31":0,"s:2:23:2:35":1,"s:3:21:3:2203":2}}}
,"C:\\Users\\nikec\\Desktop\\jd-skill-parser\\data\\skills.json": {"path":"C:\\Users\\nikec\\Desktop\\jd-skill-parser\\data\\skills.json","statementMap":{"0":{"start":{"line":1,"column":23},"end":{"line":1,"column":31}},"1":{"start":{"line":2,"column":23},"end":{"line":2,"column":35}},"2":{"start":{"line":3,"column":22},"end":{"line":3,"column":21979}}},"fnMap":{},"branchMap":{},"s":{"0":3,"1":3,"2":3},"f":{},"b":{},"meta":{"lastBranch":0,"lastFunction":0,"lastStatement":3,"seen":{"s:1:23:1:31":0,"s:2:23:2:35":1,"s:3:22:3:21979":2}}}
,"C:\\Users\\nikec\\Desktop\\jd-skill-parser\\src\\jd-skill-parser.jsx": {"path":"C:\\Users\\nikec\\Desktop\\jd-skill-parser\\src\\jd-skill-parser.jsx","statementMap":{"0":{"start":{"line":12,"column":20},"end":{"line":12,"column":null}},"1":{"start":{"line":13,"column":25},"end":{"line":13,"column":null}},"2":{"start":{"line":15,"column":26},"end":{"line":21,"column":null}},"3":{"start":{"line":24,"column":4},"end":{"line":24,"column":null}},"4":{"start":{"line":24,"column":23},"end":{"line":24,"column":null}},"5":{"start":{"line":26,"column":27},"end":{"line":26,"column":null}},"6":{"start":{"line":26,"column":52},"end":{"line":26,"column":58}},"7":{"start":{"line":28,"column":20},"end":{"line":32,"column":null}},"8":{"start":{"line":29,"column":52},"end":{"line":29,"column":74}},"9":{"start":{"line":30,"column":52},"end":{"line":30,"column":74}},"10":{"start":{"line":31,"column":54},"end":{"line":31,"column":76}},"11":{"start":{"line":34,"column":20},"end":{"line":38,"column":null}},"12":{"start":{"line":35,"column":52},"end":{"line":35,"column":73}},"13":{"start":{"line":36,"column":52},"end":{"line":36,"column":73}},"14":{"start":{"line":37,"column":54},"end":{"line":37,"column":75}},"15":{"start":{"line":40,"column":21},"end":{"line":44,"column":null}},"16":{"start":{"line":46,"column":4},"end":{"line":46,"column":null}},"17":{"start":{"line":53,"column":25},"end":{"line":59,"column":null}},"18":{"start":{"line":62,"column":4},"end":{"line":62,"column":null}},"19":{"start":{"line":66,"column":17},"end":{"line":66,"column":null}},"20":{"start":{"line":67,"column":23},"end":{"line":67,"column":null}},"21":{"start":{"line":69,"column":4},"end":{"line":83,"column":null}},"22":{"start":{"line":70,"column":8},"end":{"line":82,"column":null}},"23":{"start":{"line":71,"column":28},"end":{"line":71,"column":null}},"24":{"start":{"line":73,"column":12},"end":{"line":81,"column":null}},"25":{"start":{"line":74,"column":30},"end":{"line":74,"column":null}},"26":{"start":{"line":75,"column":28},"end":{"line":75,"column":null}},"27":{"start":{"line":76,"column":32},"end":{"line":76,"column":null}},"28":{"start":{"line":76,"column":54},"end":{"line":76,"column":79}},"29":{"start":{"line":77,"column":16},"end":{"line":80,"column":null}},"30":{"start":{"line":78,"column":20},"end":{"line":78,"column":null}},"31":{"start":{"line":79,"column":20},"end":{"line":79,"column":null}},"32":{"start":{"line":85,"column":4},"end":{"line":85,"column":null}},"33":{"start":{"line":85,"column":30},"end":{"line":85,"column":47}},"34":{"start":{"line":87,"column":4},"end":{"line":89,"column":null}},"35":{"start":{"line":88,"column":8},"end":{"line":88,"column":null}},"36":{"start":{"line":91,"column":21},"end":{"line":91,"column":null}},"37":{"start":{"line":92,"column":4},"end":{"line":94,"column":null}},"38":{"start":{"line":93,"column":8},"end":{"line":93,"column":null}},"39":{"start":{"line":95,"column":4},"end":{"line":104,"column":null}},"40":{"start":{"line":95,"column":17},"end":{"line":95,"column":20}},"41":{"start":{"line":96,"column":18},"end":{"line":96,"column":null}},"42":{"start":{"line":97,"column":22},"end":{"line":97,"column":null}},"43":{"start":{"line":98,"column":20},"end":{"line":98,"column":null}},"44":{"start":{"line":99,"column":8},"end":{"line":103,"column":null}},"45":{"start":{"line":105,"column":4},"end":{"line":105,"column":null}},"46":{"start":{"line":109,"column":14},"end":{"line":109,"column":null}},"47":{"start":{"line":110,"column":4},"end":{"line":110,"column":null}},"48":{"start":{"line":110,"column":51},"end":{"line":110,"column":null}},"49":{"start":{"line":111,"column":4},"end":{"line":111,"column":null}},"50":{"start":{"line":111,"column":106},"end":{"line":111,"column":null}},"51":{"start":{"line":112,"column":4},"end":{"line":112,"column":null}},"52":{"start":{"line":112,"column":101},"end":{"line":112,"column":null}},"53":{"start":{"line":113,"column":4},"end":{"line":113,"column":null}},"54":{"start":{"line":113,"column":144},"end":{"line":113,"column":null}},"55":{"start":{"line":114,"column":4},"end":{"line":114,"column":null}},"56":{"start":{"line":114,"column":86},"end":{"line":114,"column":null}},"57":{"start":{"line":115,"column":4},"end":{"line":115,"column":null}},"58":{"start":{"line":115,"column":115},"end":{"line":115,"column":null}},"59":{"start":{"line":116,"column":4},"end":{"line":116,"column":null}},"60":{"start":{"line":120,"column":14},"end":{"line":120,"column":null}},"61":{"start":{"line":121,"column":4},"end":{"line":121,"column":null}},"62":{"start":{"line":121,"column":73},"end":{"line":121,"column":null}},"63":{"start":{"line":122,"column":4},"end":{"line":122,"column":null}},"64":{"start":{"line":122,"column":75},"end":{"line":122,"column":null}},"65":{"start":{"line":123,"column":4},"end":{"line":123,"column":null}},"66":{"start":{"line":123,"column":64},"end":{"line":123,"column":null}},"67":{"start":{"line":124,"column":4},"end":{"line":124,"column":null}},"68":{"start":{"line":129,"column":4},"end":{"line":129,"column":null}},"69":{"start":{"line":129,"column":53},"end":{"line":129,"column":null}},"70":{"start":{"line":130,"column":4},"end":{"line":130,"column":null}},"71":{"start":{"line":130,"column":63},"end":{"line":130,"column":null}},"72":{"start":{"line":131,"column":4},"end":{"line":131,"column":null}},"73":{"start":{"line":131,"column":61},"end":{"line":131,"column":null}},"74":{"start":{"line":132,"column":4},"end":{"line":132,"column":null}},"75":{"start":{"line":132,"column":71},"end":{"line":132,"column":null}},"76":{"start":{"line":133,"column":4},"end":{"line":133,"column":null}},"77":{"start":{"line":137,"column":4},"end":{"line":137,"column":null}},"78":{"start":{"line":137,"column":16},"end":{"line":137,"column":null}},"79":{"start":{"line":138,"column":4},"end":{"line":138,"column":null}},"80":{"start":{"line":138,"column":20},"end":{"line":138,"column":null}},"81":{"start":{"line":139,"column":4},"end":{"line":139,"column":null}},"82":{"start":{"line":139,"column":20},"end":{"line":139,"column":null}},"83":{"start":{"line":140,"column":4},"end":{"line":140,"column":null}},"84":{"start":{"line":140,"column":20},"end":{"line":140,"column":null}},"85":{"start":{"line":141,"column":4},"end":{"line":141,"column":null}},"86":{"start":{"line":145,"column":22},"end":{"line":145,"column":null}},"87":{"start":{"line":146,"column":18},"end":{"line":146,"column":null}},"88":{"start":{"line":147,"column":18},"end":{"line":147,"column":null}},"89":{"start":{"line":150,"column":4},"end":{"line":156,"column":null}},"90":{"start":{"line":150,"column":17},"end":{"line":150,"column":20}},"91":{"start":{"line":151,"column":21},"end":{"line":151,"column":null}},"92":{"start":{"line":152,"column":8},"end":{"line":155,"column":null}},"93":{"start":{"line":153,"column":12},"end":{"line":153,"column":null}},"94":{"start":{"line":154,"column":12},"end":{"line":154,"column":null}},"95":{"start":{"line":159,"column":4},"end":{"line":169,"column":null}},"96":{"start":{"line":159,"column":17},"end":{"line":159,"column":20}},"97":{"start":{"line":160,"column":21},"end":{"line":160,"column":null}},"98":{"start":{"line":161,"column":8},"end":{"line":168,"column":null}},"99":{"start":{"line":166,"column":12},"end":{"line":166,"column":null}},"100":{"start":{"line":167,"column":12},"end":{"line":167,"column":null}},"101":{"start":{"line":172,"column":20},"end":{"line":172,"column":null}},"102":{"start":{"line":173,"column":4},"end":{"line":175,"column":null}},"103":{"start":{"line":174,"column":8},"end":{"line":174,"column":null}},"104":{"start":{"line":177,"column":4},"end":{"line":177,"column":null}},"105":{"start":{"line":181,"column":17},"end":{"line":186,"column":null}},"106":{"start":{"line":188,"column":18},"end":{"line":188,"column":null}},"107":{"start":{"line":191,"column":4},"end":{"line":193,"column":null}},"108":{"start":{"line":191,"column":63},"end":{"line":191,"column":null}},"109":{"start":{"line":192,"column":9},"end":{"line":193,"column":null}},"110":{"start":{"line":192,"column":39},"end":{"line":192,"column":null}},"111":{"start":{"line":193,"column":9},"end":{"line":193,"column":null}},"112":{"start":{"line":193,"column":39},"end":{"line":193,"column":null}},"113":{"start":{"line":196,"column":4},"end":{"line":199,"column":null}},"114":{"start":{"line":196,"column":68},"end":{"line":196,"column":null}},"115":{"start":{"line":197,"column":9},"end":{"line":199,"column":null}},"116":{"start":{"line":197,"column":73},"end":{"line":197,"column":null}},"117":{"start":{"line":198,"column":9},"end":{"line":199,"column":null}},"118":{"start":{"line":198,"column":41},"end":{"line":198,"column":null}},"119":{"start":{"line":199,"column":9},"end":{"line":199,"column":null}},"120":{"start":{"line":199,"column":71},"end":{"line":199,"column":null}},"121":{"start":{"line":202,"column":24},"end":{"line":202,"column":null}},"122":{"start":{"line":203,"column":4},"end":{"line":206,"column":null}},"123":{"start":{"line":205,"column":8},"end":{"line":205,"column":null}},"124":{"start":{"line":207,"column":4},"end":{"line":207,"column":null}},"125":{"start":{"line":207,"column":23},"end":{"line":207,"column":null}},"126":{"start":{"line":210,"column":23},"end":{"line":210,"column":null}},"127":{"start":{"line":211,"column":4},"end":{"line":211,"column":null}},"128":{"start":{"line":211,"column":20},"end":{"line":211,"column":null}},"129":{"start":{"line":213,"column":4},"end":{"line":213,"column":null}},"130":{"start":{"line":217,"column":4},"end":{"line":217,"column":null}},"131":{"start":{"line":217,"column":31},"end":{"line":217,"column":null}},"132":{"start":{"line":219,"column":21},"end":{"line":219,"column":null}},"133":{"start":{"line":220,"column":19},"end":{"line":220,"column":null}},"134":{"start":{"line":222,"column":20},"end":{"line":222,"column":null}},"135":{"start":{"line":224,"column":4},"end":{"line":280,"column":null}},"136":{"start":{"line":225,"column":21},"end":{"line":225,"column":null}},"137":{"start":{"line":226,"column":8},"end":{"line":279,"column":null}},"138":{"start":{"line":227,"column":28},"end":{"line":227,"column":null}},"139":{"start":{"line":231,"column":12},"end":{"line":237,"column":null}},"140":{"start":{"line":232,"column":16},"end":{"line":232,"column":null}},"141":{"start":{"line":234,"column":16},"end":{"line":236,"column":null}},"142":{"start":{"line":240,"column":12},"end":{"line":278,"column":null}},"143":{"start":{"line":241,"column":34},"end":{"line":241,"column":null}},"144":{"start":{"line":242,"column":16},"end":{"line":244,"column":null}},"145":{"start":{"line":242,"column":29},"end":{"line":242,"column":38}},"146":{"start":{"line":243,"column":20},"end":{"line":243,"column":null}},"147":{"start":{"line":243,"column":39},"end":{"line":243,"column":59}},"148":{"start":{"line":243,"column":59},"end":{"line":243,"column":66}},"149":{"start":{"line":245,"column":16},"end":{"line":245,"column":null}},"150":{"start":{"line":245,"column":33},"end":{"line":245,"column":null}},"151":{"start":{"line":246,"column":16},"end":{"line":251,"column":null}},"152":{"start":{"line":247,"column":35},"end":{"line":247,"column":null}},"153":{"start":{"line":248,"column":35},"end":{"line":248,"column":null}},"154":{"start":{"line":249,"column":32},"end":{"line":249,"column":null}},"155":{"start":{"line":250,"column":20},"end":{"line":250,"column":null}},"156":{"start":{"line":250,"column":46},"end":{"line":250,"column":76}},"157":{"start":{"line":250,"column":79},"end":{"line":250,"column":null}},"158":{"start":{"line":252,"column":16},"end":{"line":252,"column":null}},"159":{"start":{"line":252,"column":29},"end":{"line":252,"column":38}},"160":{"start":{"line":252,"column":70},"end":{"line":252,"column":null}},"161":{"start":{"line":254,"column":33},"end":{"line":254,"column":null}},"162":{"start":{"line":255,"column":31},"end":{"line":255,"column":null}},"163":{"start":{"line":256,"column":32},"end":{"line":256,"column":null}},"164":{"start":{"line":258,"column":34},"end":{"line":258,"column":null}},"165":{"start":{"line":259,"column":30},"end":{"line":259,"column":null}},"166":{"start":{"line":260,"column":30},"end":{"line":260,"column":null}},"167":{"start":{"line":261,"column":35},"end":{"line":261,"column":null}},"168":{"start":{"line":263,"column":33},"end":{"line":263,"column":null}},"169":{"start":{"line":264,"column":16},"end":{"line":277,"column":null}},"170":{"start":{"line":265,"column":20},"end":{"line":272,"column":null}},"171":{"start":{"line":274,"column":20},"end":{"line":274,"column":null}},"172":{"start":{"line":274,"column":48},"end":{"line":274,"column":null}},"173":{"start":{"line":275,"column":20},"end":{"line":275,"column":null}},"174":{"start":{"line":275,"column":58},"end":{"line":275,"column":null}},"175":{"start":{"line":276,"column":20},"end":{"line":276,"column":null}},"176":{"start":{"line":276,"column":78},"end":{"line":276,"column":null}},"177":{"start":{"line":282,"column":4},"end":{"line":286,"column":null}},"178":{"start":{"line":283,"column":8},"end":{"line":283,"column":null}},"179":{"start":{"line":283,"column":43},"end":{"line":283,"column":null}},"180":{"start":{"line":284,"column":8},"end":{"line":284,"column":null}},"181":{"start":{"line":284,"column":33},"end":{"line":284,"column":null}},"182":{"start":{"line":285,"column":8},"end":{"line":285,"column":null}},"183":{"start":{"line":296,"column":4},"end":{"line":301,"column":null}},"184":{"start":{"line":297,"column":21},"end":{"line":297,"column":null}},"185":{"start":{"line":298,"column":20},"end":{"line":298,"column":null}},"186":{"start":{"line":299,"column":21},"end":{"line":299,"column":null}},"187":{"start":{"line":300,"column":17},"end":{"line":300,"column":null}},"188":{"start":{"line":306,"column":27},"end":{"line":317,"column":null}},"189":{"start":{"line":319,"column":22},"end":{"line":319,"column":null}},"190":{"start":{"line":320,"column":21},"end":{"line":320,"column":null}},"191":{"start":{"line":321,"column":4},"end":{"line":321,"column":null}},"192":{"start":{"line":321,"column":25},"end":{"line":321,"column":null}},"193":{"start":{"line":324,"column":17},"end":{"line":324,"column":null}},"194":{"start":{"line":325,"column":4},"end":{"line":329,"column":null}},"195":{"start":{"line":326,"column":8},"end":{"line":326,"column":null}},"196":{"start":{"line":326,"column":50},"end":{"line":326,"column":null}},"197":{"start":{"line":327,"column":20},"end":{"line":327,"column":null}},"198":{"start":{"line":328,"column":8},"end":{"line":328,"column":null}},"199":{"start":{"line":328,"column":40},"end":{"line":328,"column":null}},"200":{"start":{"line":331,"column":4},"end":{"line":331,"column":null}},"201":{"start":{"line":336,"column":4},"end":{"line":343,"column":null}},"202":{"start":{"line":349,"column":19},"end":{"line":349,"column":null}},"203":{"start":{"line":350,"column":4},"end":{"line":350,"column":null}},"204":{"start":{"line":350,"column":15},"end":{"line":350,"column":null}},"205":{"start":{"line":352,"column":20},"end":{"line":352,"column":null}},"206":{"start":{"line":354,"column":17},"end":{"line":354,"column":null}},"207":{"start":{"line":355,"column":4},"end":{"line":395,"column":null}},"208":{"start":{"line":356,"column":24},"end":{"line":356,"column":null}},"209":{"start":{"line":358,"column":8},"end":{"line":364,"column":null}},"210":{"start":{"line":359,"column":12},"end":{"line":359,"column":null}},"211":{"start":{"line":361,"column":12},"end":{"line":363,"column":null}},"212":{"start":{"line":367,"column":8},"end":{"line":394,"column":null}},"213":{"start":{"line":368,"column":30},"end":{"line":368,"column":null}},"214":{"start":{"line":369,"column":12},"end":{"line":371,"column":null}},"215":{"start":{"line":369,"column":25},"end":{"line":369,"column":34}},"216":{"start":{"line":370,"column":16},"end":{"line":370,"column":null}},"217":{"start":{"line":370,"column":35},"end":{"line":370,"column":55}},"218":{"start":{"line":370,"column":55},"end":{"line":370,"column":62}},"219":{"start":{"line":372,"column":12},"end":{"line":372,"column":null}},"220":{"start":{"line":372,"column":29},"end":{"line":372,"column":null}},"221":{"start":{"line":373,"column":12},"end":{"line":378,"column":null}},"222":{"start":{"line":374,"column":31},"end":{"line":374,"column":null}},"223":{"start":{"line":375,"column":31},"end":{"line":375,"column":null}},"224":{"start":{"line":376,"column":28},"end":{"line":376,"column":null}},"225":{"start":{"line":377,"column":16},"end":{"line":377,"column":null}},"226":{"start":{"line":377,"column":42},"end":{"line":377,"column":72}},"227":{"start":{"line":377,"column":75},"end":{"line":377,"column":null}},"228":{"start":{"line":379,"column":12},"end":{"line":379,"column":null}},"229":{"start":{"line":379,"column":25},"end":{"line":379,"column":34}},"230":{"start":{"line":379,"column":66},"end":{"line":379,"column":null}},"231":{"start":{"line":382,"column":29},"end":{"line":382,"column":null}},"232":{"start":{"line":383,"column":27},"end":{"line":383,"column":null}},"233":{"start":{"line":384,"column":28},"end":{"line":384,"column":null}},"234":{"start":{"line":385,"column":31},"end":{"line":385,"column":null}},"235":{"start":{"line":387,"column":12},"end":{"line":393,"column":null}},"236":{"start":{"line":396,"column":4},"end":{"line":396,"column":null}},"237":{"start":{"line":402,"column":19},"end":{"line":402,"column":null}},"238":{"start":{"line":403,"column":4},"end":{"line":403,"column":null}},"239":{"start":{"line":403,"column":15},"end":{"line":403,"column":null}},"240":{"start":{"line":405,"column":20},"end":{"line":405,"column":null}},"241":{"start":{"line":407,"column":17},"end":{"line":407,"column":null}},"242":{"start":{"line":408,"column":4},"end":{"line":450,"column":null}},"243":{"start":{"line":409,"column":24},"end":{"line":409,"column":null}},"244":{"start":{"line":411,"column":8},"end":{"line":417,"column":null}},"245":{"start":{"line":412,"column":12},"end":{"line":412,"column":null}},"246":{"start":{"line":414,"column":12},"end":{"line":416,"column":null}},"247":{"start":{"line":420,"column":8},"end":{"line":449,"column":null}},"248":{"start":{"line":421,"column":30},"end":{"line":421,"column":null}},"249":{"start":{"line":422,"column":12},"end":{"line":424,"column":null}},"250":{"start":{"line":422,"column":25},"end":{"line":422,"column":34}},"251":{"start":{"line":423,"column":16},"end":{"line":423,"column":null}},"252":{"start":{"line":423,"column":35},"end":{"line":423,"column":55}},"253":{"start":{"line":423,"column":55},"end":{"line":423,"column":62}},"254":{"start":{"line":425,"column":12},"end":{"line":425,"column":null}},"255":{"start":{"line":425,"column":29},"end":{"line":425,"column":null}},"256":{"start":{"line":426,"column":12},"end":{"line":431,"column":null}},"257":{"start":{"line":427,"column":31},"end":{"line":427,"column":null}},"258":{"start":{"line":428,"column":31},"end":{"line":428,"column":null}},"259":{"start":{"line":429,"column":28},"end":{"line":429,"column":null}},"260":{"start":{"line":430,"column":16},"end":{"line":430,"column":null}},"261":{"start":{"line":430,"column":42},"end":{"line":430,"column":72}},"262":{"start":{"line":430,"column":75},"end":{"line":430,"column":null}},"263":{"start":{"line":432,"column":12},"end":{"line":432,"column":null}},"264":{"start":{"line":432,"column":25},"end":{"line":432,"column":34}},"265":{"start":{"line":432,"column":66},"end":{"line":432,"column":null}},"266":{"start":{"line":434,"column":29},"end":{"line":434,"column":null}},"267":{"start":{"line":435,"column":27},"end":{"line":435,"column":null}},"268":{"start":{"line":436,"column":28},"end":{"line":436,"column":null}},"269":{"start":{"line":439,"column":29},"end":{"line":439,"column":null}},"270":{"start":{"line":440,"column":31},"end":{"line":440,"column":null}},"271":{"start":{"line":442,"column":12},"end":{"line":448,"column":null}},"272":{"start":{"line":451,"column":4},"end":{"line":451,"column":null}},"273":{"start":{"line":457,"column":19},"end":{"line":457,"column":null}},"274":{"start":{"line":458,"column":4},"end":{"line":458,"column":null}},"275":{"start":{"line":458,"column":15},"end":{"line":458,"column":null}},"276":{"start":{"line":460,"column":20},"end":{"line":460,"column":null}},"277":{"start":{"line":462,"column":17},"end":{"line":462,"column":null}},"278":{"start":{"line":463,"column":4},"end":{"line":501,"column":null}},"279":{"start":{"line":464,"column":24},"end":{"line":464,"column":null}},"280":{"start":{"line":466,"column":8},"end":{"line":472,"column":null}},"281":{"start":{"line":467,"column":12},"end":{"line":467,"column":null}},"282":{"start":{"line":469,"column":12},"end":{"line":471,"column":null}},"283":{"start":{"line":475,"column":8},"end":{"line":500,"column":null}},"284":{"start":{"line":476,"column":30},"end":{"line":476,"column":null}},"285":{"start":{"line":477,"column":12},"end":{"line":479,"column":null}},"286":{"start":{"line":477,"column":25},"end":{"line":477,"column":34}},"287":{"start":{"line":478,"column":16},"end":{"line":478,"column":null}},"288":{"start":{"line":478,"column":35},"end":{"line":478,"column":55}},"289":{"start":{"line":478,"column":55},"end":{"line":478,"column":62}},"290":{"start":{"line":480,"column":12},"end":{"line":480,"column":null}},"291":{"start":{"line":480,"column":29},"end":{"line":480,"column":null}},"292":{"start":{"line":481,"column":12},"end":{"line":486,"column":null}},"293":{"start":{"line":482,"column":31},"end":{"line":482,"column":null}},"294":{"start":{"line":483,"column":31},"end":{"line":483,"column":null}},"295":{"start":{"line":484,"column":28},"end":{"line":484,"column":null}},"296":{"start":{"line":485,"column":16},"end":{"line":485,"column":null}},"297":{"start":{"line":485,"column":42},"end":{"line":485,"column":72}},"298":{"start":{"line":485,"column":75},"end":{"line":485,"column":null}},"299":{"start":{"line":487,"column":12},"end":{"line":487,"column":null}},"300":{"start":{"line":487,"column":25},"end":{"line":487,"column":34}},"301":{"start":{"line":487,"column":66},"end":{"line":487,"column":null}},"302":{"start":{"line":489,"column":29},"end":{"line":489,"column":null}},"303":{"start":{"line":490,"column":27},"end":{"line":490,"column":null}},"304":{"start":{"line":491,"column":28},"end":{"line":491,"column":null}},"305":{"start":{"line":493,"column":12},"end":{"line":499,"column":null}},"306":{"start":{"line":502,"column":4},"end":{"line":502,"column":null}},"307":{"start":{"line":507,"column":27},"end":{"line":511,"column":null}},"308":{"start":{"line":514,"column":18},"end":{"line":514,"column":null}},"309":{"start":{"line":515,"column":4},"end":{"line":515,"column":null}},"310":{"start":{"line":515,"column":41},"end":{"line":515,"column":59}},"311":{"start":{"line":519,"column":19},"end":{"line":519,"column":null}},"312":{"start":{"line":520,"column":4},"end":{"line":520,"column":null}},"313":{"start":{"line":520,"column":15},"end":{"line":520,"column":null}},"314":{"start":{"line":523,"column":22},"end":{"line":523,"column":null}},"315":{"start":{"line":525,"column":4},"end":{"line":572,"column":null}},"316":{"start":{"line":527,"column":26},"end":{"line":527,"column":null}},"317":{"start":{"line":528,"column":8},"end":{"line":528,"column":null}},"318":{"start":{"line":528,"column":36},"end":{"line":528,"column":null}},"319":{"start":{"line":530,"column":24},"end":{"line":530,"column":null}},"320":{"start":{"line":532,"column":21},"end":{"line":532,"column":null}},"321":{"start":{"line":533,"column":8},"end":{"line":571,"column":null}},"322":{"start":{"line":534,"column":28},"end":{"line":534,"column":null}},"323":{"start":{"line":536,"column":12},"end":{"line":542,"column":null}},"324":{"start":{"line":537,"column":16},"end":{"line":537,"column":null}},"325":{"start":{"line":539,"column":16},"end":{"line":541,"column":null}},"326":{"start":{"line":545,"column":12},"end":{"line":570,"column":null}},"327":{"start":{"line":546,"column":34},"end":{"line":546,"column":null}},"328":{"start":{"line":547,"column":16},"end":{"line":549,"column":null}},"329":{"start":{"line":547,"column":29},"end":{"line":547,"column":38}},"330":{"start":{"line":548,"column":20},"end":{"line":548,"column":null}},"331":{"start":{"line":548,"column":39},"end":{"line":548,"column":59}},"332":{"start":{"line":548,"column":59},"end":{"line":548,"column":66}},"333":{"start":{"line":550,"column":16},"end":{"line":550,"column":null}},"334":{"start":{"line":550,"column":33},"end":{"line":550,"column":null}},"335":{"start":{"line":551,"column":16},"end":{"line":556,"column":null}},"336":{"start":{"line":552,"column":35},"end":{"line":552,"column":null}},"337":{"start":{"line":553,"column":35},"end":{"line":553,"column":null}},"338":{"start":{"line":554,"column":32},"end":{"line":554,"column":null}},"339":{"start":{"line":555,"column":20},"end":{"line":555,"column":null}},"340":{"start":{"line":555,"column":46},"end":{"line":555,"column":76}},"341":{"start":{"line":555,"column":79},"end":{"line":555,"column":null}},"342":{"start":{"line":557,"column":16},"end":{"line":557,"column":null}},"343":{"start":{"line":557,"column":29},"end":{"line":557,"column":38}},"344":{"start":{"line":557,"column":70},"end":{"line":557,"column":null}},"345":{"start":{"line":559,"column":33},"end":{"line":559,"column":null}},"346":{"start":{"line":560,"column":31},"end":{"line":560,"column":null}},"347":{"start":{"line":561,"column":32},"end":{"line":561,"column":null}},"348":{"start":{"line":563,"column":16},"end":{"line":569,"column":null}},"349":{"start":{"line":573,"column":4},"end":{"line":573,"column":null}},"350":{"start":{"line":578,"column":4},"end":{"line":578,"column":null}},"351":{"start":{"line":578,"column":31},"end":{"line":578,"column":null}},"352":{"start":{"line":580,"column":21},"end":{"line":580,"column":null}},"353":{"start":{"line":582,"column":23},"end":{"line":582,"column":null}},"354":{"start":{"line":583,"column":22},"end":{"line":583,"column":null}},"355":{"start":{"line":584,"column":23},"end":{"line":584,"column":null}},"356":{"start":{"line":585,"column":22},"end":{"line":585,"column":null}},"357":{"start":{"line":588,"column":19},"end":{"line":588,"column":null}},"358":{"start":{"line":590,"column":22},"end":{"line":590,"column":null}},"359":{"start":{"line":592,"column":4},"end":{"line":602,"column":null}},"360":{"start":{"line":593,"column":25},"end":{"line":593,"column":null}},"361":{"start":{"line":594,"column":8},"end":{"line":601,"column":null}},"362":{"start":{"line":595,"column":12},"end":{"line":595,"column":null}},"363":{"start":{"line":598,"column":12},"end":{"line":600,"column":null}},"364":{"start":{"line":599,"column":16},"end":{"line":599,"column":null}},"365":{"start":{"line":604,"column":4},"end":{"line":607,"column":null}},"366":{"start":{"line":605,"column":8},"end":{"line":605,"column":null}},"367":{"start":{"line":605,"column":33},"end":{"line":605,"column":null}},"368":{"start":{"line":606,"column":8},"end":{"line":606,"column":null}},"369":{"start":{"line":616,"column":18},"end":{"line":616,"column":null}},"370":{"start":{"line":693,"column":4},"end":{"line":696,"column":null}},"371":{"start":{"line":701,"column":4},"end":{"line":708,"column":null}},"372":{"start":{"line":702,"column":8},"end":{"line":706,"column":null}},"373":{"start":{"line":710,"column":18},"end":{"line":710,"column":null}},"374":{"start":{"line":711,"column":21},"end":{"line":711,"column":null}},"375":{"start":{"line":711,"column":41},"end":{"line":711,"column":58}},"376":{"start":{"line":712,"column":21},"end":{"line":712,"column":null}},"377":{"start":{"line":712,"column":41},"end":{"line":712,"column":58}},"378":{"start":{"line":713,"column":10},"end":{"line":713,"column":null}},"379":{"start":{"line":713,"column":49},"end":{"line":713,"column":64}},"380":{"start":{"line":715,"column":19},"end":{"line":718,"column":null}},"381":{"start":{"line":716,"column":8},"end":{"line":716,"column":null}},"382":{"start":{"line":716,"column":43},"end":{"line":716,"column":null}},"383":{"start":{"line":717,"column":8},"end":{"line":717,"column":null}},"384":{"start":{"line":720,"column":4},"end":{"line":822,"column":null}},"385":{"start":{"line":736,"column":37},"end":{"line":736,"column":null}},"386":{"start":{"line":737,"column":16},"end":{"line":737,"column":null}},"387":{"start":{"line":737,"column":35},"end":{"line":737,"column":null}},"388":{"start":{"line":739,"column":35},"end":{"line":739,"column":null}},"389":{"start":{"line":740,"column":16},"end":{"line":740,"column":null}},"390":{"start":{"line":740,"column":33},"end":{"line":740,"column":null}},"391":{"start":{"line":742,"column":16},"end":{"line":770,"column":null}},"392":{"start":{"line":811,"column":28},"end":{"line":817,"column":null}},"393":{"start":{"line":827,"column":4},"end":{"line":827,"column":null}},"394":{"start":{"line":827,"column":14},"end":{"line":827,"column":null}},"395":{"start":{"line":829,"column":52},"end":{"line":829,"column":null}},"396":{"start":{"line":830,"column":20},"end":{"line":830,"column":null}},"397":{"start":{"line":831,"column":18},"end":{"line":831,"column":null}},"398":{"start":{"line":833,"column":23},"end":{"line":833,"column":null}},"399":{"start":{"line":834,"column":23},"end":{"line":834,"column":null}},"400":{"start":{"line":838,"column":4},"end":{"line":1001,"column":null}},"401":{"start":{"line":928,"column":24},"end":{"line":933,"column":null}},"402":{"start":{"line":948,"column":24},"end":{"line":955,"column":null}},"403":{"start":{"line":970,"column":24},"end":{"line":977,"column":null}},"404":{"start":{"line":993,"column":28},"end":{"line":995,"column":null}},"405":{"start":{"line":1006,"column":26},"end":{"line":1011,"column":null}},"406":{"start":{"line":1013,"column":4},"end":{"line":1059,"column":null}},"407":{"start":{"line":1025,"column":117},"end":{"line":1025,"column":130}},"408":{"start":{"line":1029,"column":117},"end":{"line":1029,"column":130}},"409":{"start":{"line":1034,"column":55},"end":{"line":1034,"column":68}},"410":{"start":{"line":1050,"column":24},"end":{"line":1055,"column":null}},"411":{"start":{"line":1064,"column":4},"end":{"line":1070,"column":null}},"412":{"start":{"line":1065,"column":8},"end":{"line":1068,"column":null}},"413":{"start":{"line":1072,"column":4},"end":{"line":1072,"column":null}},"414":{"start":{"line":1076,"column":4},"end":{"line":1131,"column":null}},"415":{"start":{"line":1140,"column":4},"end":{"line":1140,"column":null}},"416":{"start":{"line":1140,"column":36},"end":{"line":1140,"column":null}},"417":{"start":{"line":1142,"column":22},"end":{"line":1142,"column":null}},"418":{"start":{"line":1142,"column":52},"end":{"line":1142,"column":63}},"419":{"start":{"line":1144,"column":21},"end":{"line":1144,"column":null}},"420":{"start":{"line":1145,"column":22},"end":{"line":1145,"column":null}},"421":{"start":{"line":1146,"column":20},"end":{"line":1146,"column":null}},"422":{"start":{"line":1147,"column":18},"end":{"line":1147,"column":null}},"423":{"start":{"line":1150,"column":4},"end":{"line":1174,"column":null}},"424":{"start":{"line":1151,"column":28},"end":{"line":1151,"column":null}},"425":{"start":{"line":1152,"column":8},"end":{"line":1173,"column":null}},"426":{"start":{"line":1154,"column":12},"end":{"line":1158,"column":null}},"427":{"start":{"line":1159,"column":15},"end":{"line":1173,"column":null}},"428":{"start":{"line":1161,"column":12},"end":{"line":1165,"column":null}},"429":{"start":{"line":1168,"column":12},"end":{"line":1172,"column":null}},"430":{"start":{"line":1177,"column":25},"end":{"line":1177,"column":null}},"431":{"start":{"line":1177,"column":51},"end":{"line":1177,"column":57}},"432":{"start":{"line":1178,"column":4},"end":{"line":1182,"column":null}},"433":{"start":{"line":1179,"column":8},"end":{"line":1181,"column":null}},"434":{"start":{"line":1180,"column":12},"end":{"line":1180,"column":null}},"435":{"start":{"line":1185,"column":4},"end":{"line":1185,"column":null}},"436":{"start":{"line":1185,"column":28},"end":{"line":1185,"column":55}},"437":{"start":{"line":1186,"column":4},"end":{"line":1186,"column":null}},"438":{"start":{"line":1186,"column":29},"end":{"line":1186,"column":56}},"439":{"start":{"line":1188,"column":4},"end":{"line":1188,"column":null}},"440":{"start":{"line":1196,"column":22},"end":{"line":1196,"column":null}},"441":{"start":{"line":1197,"column":18},"end":{"line":1197,"column":null}},"442":{"start":{"line":1198,"column":24},"end":{"line":1198,"column":null}},"443":{"start":{"line":1199,"column":20},"end":{"line":1199,"column":null}},"444":{"start":{"line":1200,"column":20},"end":{"line":1200,"column":null}},"445":{"start":{"line":1201,"column":24},"end":{"line":1201,"column":null}},"446":{"start":{"line":1202,"column":26},"end":{"line":1202,"column":null}},"447":{"start":{"line":1203,"column":20},"end":{"line":1203,"column":null}},"448":{"start":{"line":1205,"column":10},"end":{"line":1216,"column":null}},"449":{"start":{"line":1206,"column":74},"end":{"line":1206,"column":null}},"450":{"start":{"line":1207,"column":21},"end":{"line":1207,"column":null}},"451":{"start":{"line":1208,"column":8},"end":{"line":1208,"column":null}},"452":{"start":{"line":1209,"column":8},"end":{"line":1209,"column":null}},"453":{"start":{"line":1210,"column":8},"end":{"line":1210,"column":null}},"454":{"start":{"line":1211,"column":26},"end":{"line":1211,"column":null}},"455":{"start":{"line":1212,"column":8},"end":{"line":1212,"column":null}},"456":{"start":{"line":1213,"column":8},"end":{"line":1215,"column":null}},"457":{"start":{"line":1214,"column":12},"end":{"line":1214,"column":null}},"458":{"start":{"line":1218,"column":10},"end":{"line":1225,"column":null}},"459":{"start":{"line":1219,"column":23},"end":{"line":1219,"column":null}},"460":{"start":{"line":1220,"column":8},"end":{"line":1220,"column":null}},"461":{"start":{"line":1222,"column":8},"end":{"line":1224,"column":null}},"462":{"start":{"line":1223,"column":12},"end":{"line":1223,"column":null}},"463":{"start":{"line":1227,"column":10},"end":{"line":1237,"column":null}},"464":{"start":{"line":1228,"column":8},"end":{"line":1228,"column":null}},"465":{"start":{"line":1228,"column":22},"end":{"line":1228,"column":null}},"466":{"start":{"line":1229,"column":21},"end":{"line":1229,"column":null}},"467":{"start":{"line":1230,"column":21},"end":{"line":1230,"column":null}},"468":{"start":{"line":1231,"column":20},"end":{"line":1231,"column":null}},"469":{"start":{"line":1232,"column":18},"end":{"line":1232,"column":null}},"470":{"start":{"line":1233,"column":8},"end":{"line":1233,"column":null}},"471":{"start":{"line":1234,"column":8},"end":{"line":1234,"column":null}},"472":{"start":{"line":1235,"column":8},"end":{"line":1235,"column":null}},"473":{"start":{"line":1236,"column":8},"end":{"line":1236,"column":null}},"474":{"start":{"line":1239,"column":4},"end":{"line":1432,"column":null}},"475":{"start":{"line":1267,"column":24},"end":{"line":1283,"column":null}},"476":{"start":{"line":1269,"column":43},"end":{"line":1269,"column":null}},"477":{"start":{"line":1297,"column":55},"end":{"line":1297,"column":null}},"478":{"start":{"line":1303,"column":57},"end":{"line":1303,"column":71}},"479":{"start":{"line":1303,"column":71},"end":{"line":1303,"column":89}},"480":{"start":{"line":1312,"column":47},"end":{"line":1312,"column":null}},"481":{"start":{"line":1360,"column":57},"end":{"line":1360,"column":77}},"482":{"start":{"line":1360,"column":77},"end":{"line":1360,"column":101}},"483":{"start":{"line":1377,"column":47},"end":{"line":1377,"column":null}}},"fnMap":{"0":{"name":"compareSkillsToRole","decl":{"start":{"line":23,"column":9},"end":{"line":23,"column":29}},"loc":{"start":{"line":23,"column":52},"end":{"line":47,"column":null}},"line":23},"1":{"name":"(anonymous_1)","decl":{"start":{"line":26,"column":43},"end":{"line":26,"column":47}},"loc":{"start":{"line":26,"column":52},"end":{"line":26,"column":58}},"line":26},"2":{"name":"(anonymous_2)","decl":{"start":{"line":29,"column":40},"end":{"line":29,"column":47}},"loc":{"start":{"line":29,"column":52},"end":{"line":29,"column":74}},"line":29},"3":{"name":"(anonymous_3)","decl":{"start":{"line":30,"column":40},"end":{"line":30,"column":47}},"loc":{"start":{"line":30,"column":52},"end":{"line":30,"column":74}},"line":30},"4":{"name":"(anonymous_4)","decl":{"start":{"line":31,"column":42},"end":{"line":31,"column":49}},"loc":{"start":{"line":31,"column":54},"end":{"line":31,"column":76}},"line":31},"5":{"name":"(anonymous_5)","decl":{"start":{"line":35,"column":40},"end":{"line":35,"column":47}},"loc":{"start":{"line":35,"column":52},"end":{"line":35,"column":73}},"line":35},"6":{"name":"(anonymous_6)","decl":{"start":{"line":36,"column":40},"end":{"line":36,"column":47}},"loc":{"start":{"line":36,"column":52},"end":{"line":36,"column":73}},"line":36},"7":{"name":"(anonymous_7)","decl":{"start":{"line":37,"column":42},"end":{"line":37,"column":49}},"loc":{"start":{"line":37,"column":54},"end":{"line":37,"column":75}},"line":37},"8":{"name":"escapeRegex","decl":{"start":{"line":61,"column":9},"end":{"line":61,"column":21}},"loc":{"start":{"line":61,"column":24},"end":{"line":63,"column":null}},"line":61},"9":{"name":"getSections","decl":{"start":{"line":65,"column":9},"end":{"line":65,"column":21}},"loc":{"start":{"line":65,"column":27},"end":{"line":106,"column":null}},"line":65},"10":{"name":"(anonymous_10)","decl":{"start":{"line":76,"column":37},"end":{"line":76,"column":43}},"loc":{"start":{"line":76,"column":54},"end":{"line":76,"column":79}},"line":76},"11":{"name":"(anonymous_11)","decl":{"start":{"line":85,"column":15},"end":{"line":85,"column":21}},"loc":{"start":{"line":85,"column":30},"end":{"line":85,"column":47}},"line":85},"12":{"name":"detectLevel","decl":{"start":{"line":108,"column":9},"end":{"line":108,"column":21}},"loc":{"start":{"line":108,"column":30},"end":{"line":117,"column":null}},"line":108},"13":{"name":"detectImportance","decl":{"start":{"line":119,"column":9},"end":{"line":119,"column":26}},"loc":{"start":{"line":119,"column":35},"end":{"line":125,"column":null}},"line":119},"14":{"name":"detectYears","decl":{"start":{"line":127,"column":9},"end":{"line":127,"column":21}},"loc":{"start":{"line":127,"column":30},"end":{"line":134,"column":null}},"line":127},"15":{"name":"yearsToLevel","decl":{"start":{"line":136,"column":9},"end":{"line":136,"column":22}},"loc":{"start":{"line":136,"column":29},"end":{"line":142,"column":null}},"line":136},"16":{"name":"parseCompanyAndRole","decl":{"start":{"line":144,"column":9},"end":{"line":144,"column":29}},"loc":{"start":{"line":144,"column":35},"end":{"line":178,"column":null}},"line":144},"17":{"name":"parseJobMeta","decl":{"start":{"line":180,"column":16},"end":{"line":180,"column":29}},"loc":{"start":{"line":180,"column":35},"end":{"line":214,"column":null}},"line":180},"18":{"name":"parseJobDescription","decl":{"start":{"line":216,"column":16},"end":{"line":216,"column":36}},"loc":{"start":{"line":216,"column":42},"end":{"line":287,"column":null}},"line":216},"19":{"name":"(anonymous_19)","decl":{"start":{"line":250,"column":35},"end":{"line":250,"column":40}},"loc":{"start":{"line":250,"column":46},"end":{"line":250,"column":76}},"line":250},"20":{"name":"(anonymous_20)","decl":{"start":{"line":282,"column":39},"end":{"line":282,"column":45}},"loc":{"start":{"line":282,"column":54},"end":{"line":286,"column":5}},"line":282},"21":{"name":"parseResumeInput","decl":{"start":{"line":295,"column":9},"end":{"line":295,"column":26}},"loc":{"start":{"line":295,"column":53},"end":{"line":302,"column":null}},"line":295},"22":{"name":"extractSection","decl":{"start":{"line":305,"column":9},"end":{"line":305,"column":24}},"loc":{"start":{"line":305,"column":43},"end":{"line":332,"column":null}},"line":305},"23":{"name":"extractResumeSections","decl":{"start":{"line":335,"column":9},"end":{"line":335,"column":31}},"loc":{"start":{"line":335,"column":37},"end":{"line":344,"column":null}},"line":335},"24":{"name":"extractSkillsFromTechnicalSection","decl":{"start":{"line":348,"column":9},"end":{"line":348,"column":43}},"loc":{"start":{"line":348,"column":49},"end":{"line":397,"column":null}},"line":348},"25":{"name":"(anonymous_25)","decl":{"start":{"line":377,"column":31},"end":{"line":377,"column":36}},"loc":{"start":{"line":377,"column":42},"end":{"line":377,"column":72}},"line":377},"26":{"name":"extractSkillsFromEducation","decl":{"start":{"line":401,"column":9},"end":{"line":401,"column":36}},"loc":{"start":{"line":401,"column":42},"end":{"line":452,"column":null}},"line":401},"27":{"name":"(anonymous_27)","decl":{"start":{"line":430,"column":31},"end":{"line":430,"column":36}},"loc":{"start":{"line":430,"column":42},"end":{"line":430,"column":72}},"line":430},"28":{"name":"extractSkillsFromProjects","decl":{"start":{"line":456,"column":9},"end":{"line":456,"column":35}},"loc":{"start":{"line":456,"column":41},"end":{"line":503,"column":null}},"line":456},"29":{"name":"(anonymous_29)","decl":{"start":{"line":485,"column":31},"end":{"line":485,"column":36}},"loc":{"start":{"line":485,"column":42},"end":{"line":485,"column":72}},"line":485},"30":{"name":"isTechRole","decl":{"start":{"line":513,"column":9},"end":{"line":513,"column":20}},"loc":{"start":{"line":513,"column":30},"end":{"line":516,"column":null}},"line":513},"31":{"name":"(anonymous_31)","decl":{"start":{"line":515,"column":30},"end":{"line":515,"column":35}},"loc":{"start":{"line":515,"column":41},"end":{"line":515,"column":59}},"line":515},"32":{"name":"extractSkillsFromExperience","decl":{"start":{"line":518,"column":9},"end":{"line":518,"column":37}},"loc":{"start":{"line":518,"column":43},"end":{"line":574,"column":null}},"line":518},"33":{"name":"(anonymous_33)","decl":{"start":{"line":555,"column":35},"end":{"line":555,"column":40}},"loc":{"start":{"line":555,"column":46},"end":{"line":555,"column":76}},"line":555},"34":{"name":"parseResumeText","decl":{"start":{"line":577,"column":16},"end":{"line":577,"column":32}},"loc":{"start":{"line":577,"column":38},"end":{"line":608,"column":null}},"line":577},"35":{"name":"(anonymous_35)","decl":{"start":{"line":604,"column":39},"end":{"line":604,"column":45}},"loc":{"start":{"line":604,"column":54},"end":{"line":607,"column":5}},"line":604},"36":{"name":"ImportanceBadge","decl":{"start":{"line":692,"column":9},"end":{"line":692,"column":25}},"loc":{"start":{"line":692,"column":41},"end":{"line":698,"column":null}},"line":692},"37":{"name":"ResultsViewSimple","decl":{"start":{"line":700,"column":9},"end":{"line":700,"column":27}},"loc":{"start":{"line":700,"column":62},"end":{"line":824,"column":null}},"line":700},"38":{"name":"(anonymous_38)","decl":{"start":{"line":711,"column":29},"end":{"line":711,"column":36}},"loc":{"start":{"line":711,"column":41},"end":{"line":711,"column":58}},"line":711},"39":{"name":"(anonymous_39)","decl":{"start":{"line":712,"column":29},"end":{"line":712,"column":36}},"loc":{"start":{"line":712,"column":41},"end":{"line":712,"column":58}},"line":712},"40":{"name":"(anonymous_40)","decl":{"start":{"line":713,"column":30},"end":{"line":713,"column":38}},"loc":{"start":{"line":713,"column":49},"end":{"line":713,"column":64}},"line":713},"41":{"name":"(anonymous_41)","decl":{"start":{"line":715,"column":32},"end":{"line":715,"column":38}},"loc":{"start":{"line":715,"column":47},"end":{"line":718,"column":5}},"line":715},"42":{"name":"(anonymous_42)","decl":{"start":{"line":735,"column":20},"end":{"line":735,"column":null}},"loc":{"start":{"line":735,"column":20},"end":{"line":772,"column":15}},"line":735},"43":{"name":"(anonymous_43)","decl":{"start":{"line":810,"column":32},"end":{"line":810,"column":37}},"loc":{"start":{"line":811,"column":28},"end":{"line":817,"column":null}},"line":811},"44":{"name":"GapAnalysisView","decl":{"start":{"line":826,"column":9},"end":{"line":826,"column":25}},"loc":{"start":{"line":826,"column":65},"end":{"line":1003,"column":null}},"line":826},"45":{"name":"(anonymous_45)","decl":{"start":{"line":927,"column":30},"end":{"line":927,"column":35}},"loc":{"start":{"line":928,"column":24},"end":{"line":933,"column":null}},"line":928},"46":{"name":"(anonymous_46)","decl":{"start":{"line":947,"column":31},"end":{"line":947,"column":36}},"loc":{"start":{"line":948,"column":24},"end":{"line":955,"column":null}},"line":948},"47":{"name":"(anonymous_47)","decl":{"start":{"line":969,"column":29},"end":{"line":969,"column":34}},"loc":{"start":{"line":970,"column":24},"end":{"line":977,"column":null}},"line":970},"48":{"name":"(anonymous_48)","decl":{"start":{"line":992,"column":31},"end":{"line":992,"column":35}},"loc":{"start":{"line":993,"column":28},"end":{"line":995,"column":null}},"line":993},"49":{"name":"ResumeResultsView","decl":{"start":{"line":1005,"column":9},"end":{"line":1005,"column":27}},"loc":{"start":{"line":1005,"column":40},"end":{"line":1061,"column":null}},"line":1005},"50":{"name":"(anonymous_50)","decl":{"start":{"line":1025,"column":105},"end":{"line":1025,"column":112}},"loc":{"start":{"line":1025,"column":117},"end":{"line":1025,"column":130}},"line":1025},"51":{"name":"(anonymous_51)","decl":{"start":{"line":1029,"column":105},"end":{"line":1029,"column":112}},"loc":{"start":{"line":1029,"column":117},"end":{"line":1029,"column":130}},"line":1029},"52":{"name":"(anonymous_52)","decl":{"start":{"line":1034,"column":38},"end":{"line":1034,"column":46}},"loc":{"start":{"line":1034,"column":55},"end":{"line":1034,"column":68}},"line":1034},"53":{"name":"(anonymous_53)","decl":{"start":{"line":1049,"column":29},"end":{"line":1049,"column":34}},"loc":{"start":{"line":1050,"column":24},"end":{"line":1055,"column":null}},"line":1050},"54":{"name":"ResultsView","decl":{"start":{"line":1063,"column":9},"end":{"line":1063,"column":21}},"loc":{"start":{"line":1063,"column":65},"end":{"line":1073,"column":null}},"line":1063},"55":{"name":"Legend","decl":{"start":{"line":1075,"column":9},"end":{"line":1075,"column":18}},"loc":{"start":{"line":1075,"column":18},"end":{"line":1133,"column":null}},"line":1075},"56":{"name":"runGapAnalysis","decl":{"start":{"line":1139,"column":16},"end":{"line":1139,"column":31}},"loc":{"start":{"line":1139,"column":55},"end":{"line":1189,"column":null}},"line":1139},"57":{"name":"(anonymous_57)","decl":{"start":{"line":1142,"column":43},"end":{"line":1142,"column":47}},"loc":{"start":{"line":1142,"column":52},"end":{"line":1142,"column":63}},"line":1142},"58":{"name":"(anonymous_58)","decl":{"start":{"line":1177,"column":42},"end":{"line":1177,"column":46}},"loc":{"start":{"line":1177,"column":51},"end":{"line":1177,"column":57}},"line":1177},"59":{"name":"(anonymous_59)","decl":{"start":{"line":1185,"column":13},"end":{"line":1185,"column":19}},"loc":{"start":{"line":1185,"column":28},"end":{"line":1185,"column":55}},"line":1185},"60":{"name":"(anonymous_60)","decl":{"start":{"line":1186,"column":14},"end":{"line":1186,"column":20}},"loc":{"start":{"line":1186,"column":29},"end":{"line":1186,"column":56}},"line":1186},"61":{"name":"App","decl":{"start":{"line":1195,"column":24},"end":{"line":1195,"column":30}},"loc":{"start":{"line":1195,"column":30},"end":{"line":1434,"column":null}},"line":1195},"62":{"name":"(anonymous_62)","decl":{"start":{"line":1205,"column":10},"end":{"line":1205,"column":24}},"loc":{"start":{"line":1205,"column":24},"end":{"line":1216,"column":null}},"line":1205},"63":{"name":"(anonymous_63)","decl":{"start":{"line":1218,"column":10},"end":{"line":1218,"column":30}},"loc":{"start":{"line":1218,"column":30},"end":{"line":1225,"column":null}},"line":1218},"64":{"name":"(anonymous_64)","decl":{"start":{"line":1227,"column":10},"end":{"line":1227,"column":29}},"loc":{"start":{"line":1227,"column":29},"end":{"line":1237,"column":null}},"line":1227},"65":{"name":"(anonymous_65)","decl":{"start":{"line":1266,"column":22},"end":{"line":1266,"column":26}},"loc":{"start":{"line":1267,"column":24},"end":{"line":1283,"column":null}},"line":1267},"66":{"name":"(anonymous_66)","decl":{"start":{"line":1269,"column":28},"end":{"line":1269,"column":43}},"loc":{"start":{"line":1269,"column":43},"end":{"line":1269,"column":null}},"line":1269},"67":{"name":"(anonymous_67)","decl":{"start":{"line":1297,"column":40},"end":{"line":1297,"column":55}},"loc":{"start":{"line":1297,"column":55},"end":{"line":1297,"column":null}},"line":1297},"68":{"name":"(anonymous_68)","decl":{"start":{"line":1303,"column":40},"end":{"line":1303,"column":55}},"loc":{"start":{"line":1303,"column":55},"end":{"line":1303,"column":null}},"line":1303},"69":{"name":"(anonymous_69)","decl":{"start":{"line":1312,"column":32},"end":{"line":1312,"column":42}},"loc":{"start":{"line":1312,"column":47},"end":{"line":1312,"column":null}},"line":1312},"70":{"name":"(anonymous_70)","decl":{"start":{"line":1360,"column":40},"end":{"line":1360,"column":55}},"loc":{"start":{"line":1360,"column":55},"end":{"line":1360,"column":null}},"line":1360},"71":{"name":"(anonymous_71)","decl":{"start":{"line":1377,"column":32},"end":{"line":1377,"column":42}},"loc":{"start":{"line":1377,"column":47},"end":{"line":1377,"column":null}},"line":1377}},"branchMap":{"0":{"loc":{"start":{"line":24,"column":4},"end":{"line":24,"column":null}},"type":"if","locations":[{"start":{"line":24,"column":4},"end":{"line":24,"column":null}},{"start":{},"end":{}}],"line":24},"1":{"loc":{"start":{"line":76,"column":56},"end":{"line":76,"column":79}},"type":"binary-expr","locations":[{"start":{"line":76,"column":56},"end":{"line":76,"column":68}},{"start":{"line":76,"column":68},"end":{"line":76,"column":79}}],"line":76},"2":{"loc":{"start":{"line":77,"column":16},"end":{"line":80,"column":null}},"type":"if","locations":[{"start":{"line":77,"column":16},"end":{"line":80,"column":null}},{"start":{},"end":{}}],"line":77},"3":{"loc":{"start":{"line":87,"column":4},"end":{"line":89,"column":null}},"type":"if","locations":[{"start":{"line":87,"column":4},"end":{"line":89,"column":null}},{"start":{},"end":{}}],"line":87},"4":{"loc":{"start":{"line":92,"column":4},"end":{"line":94,"column":null}},"type":"if","locations":[{"start":{"line":92,"column":4},"end":{"line":94,"column":null}},{"start":{},"end":{}}],"line":92},"5":{"loc":{"start":{"line":98,"column":20},"end":{"line":98,"column":null}},"type":"cond-expr","locations":[{"start":{"line":98,"column":48},"end":{"line":98,"column":74}},{"start":{"line":98,"column":74},"end":{"line":98,"column":null}}],"line":98},"6":{"loc":{"start":{"line":110,"column":4},"end":{"line":110,"column":null}},"type":"if","locations":[{"start":{"line":110,"column":4},"end":{"line":110,"column":null}},{"start":{},"end":{}}],"line":110},"7":{"loc":{"start":{"line":111,"column":4},"end":{"line":111,"column":null}},"type":"if","locations":[{"start":{"line":111,"column":4},"end":{"line":111,"column":null}},{"start":{},"end":{}}],"line":111},"8":{"loc":{"start":{"line":112,"column":4},"end":{"line":112,"column":null}},"type":"if","locations":[{"start":{"line":112,"column":4},"end":{"line":112,"column":null}},{"start":{},"end":{}}],"line":112},"9":{"loc":{"start":{"line":113,"column":4},"end":{"line":113,"column":null}},"type":"if","locations":[{"start":{"line":113,"column":4},"end":{"line":113,"column":null}},{"start":{},"end":{}}],"line":113},"10":{"loc":{"start":{"line":114,"column":4},"end":{"line":114,"column":null}},"type":"if","locations":[{"start":{"line":114,"column":4},"end":{"line":114,"column":null}},{"start":{},"end":{}}],"line":114},"11":{"loc":{"start":{"line":115,"column":4},"end":{"line":115,"column":null}},"type":"if","locations":[{"start":{"line":115,"column":4},"end":{"line":115,"column":null}},{"start":{},"end":{}}],"line":115},"12":{"loc":{"start":{"line":121,"column":4},"end":{"line":121,"column":null}},"type":"if","locations":[{"start":{"line":121,"column":4},"end":{"line":121,"column":null}},{"start":{},"end":{}}],"line":121},"13":{"loc":{"start":{"line":122,"column":4},"end":{"line":122,"column":null}},"type":"if","locations":[{"start":{"line":122,"column":4},"end":{"line":122,"column":null}},{"start":{},"end":{}}],"line":122},"14":{"loc":{"start":{"line":123,"column":4},"end":{"line":123,"column":null}},"type":"if","locations":[{"start":{"line":123,"column":4},"end":{"line":123,"column":null}},{"start":{},"end":{}}],"line":123},"15":{"loc":{"start":{"line":129,"column":4},"end":{"line":129,"column":null}},"type":"if","locations":[{"start":{"line":129,"column":4},"end":{"line":129,"column":null}},{"start":{},"end":{}}],"line":129},"16":{"loc":{"start":{"line":130,"column":4},"end":{"line":130,"column":null}},"type":"if","locations":[{"start":{"line":130,"column":4},"end":{"line":130,"column":null}},{"start":{},"end":{}}],"line":130},"17":{"loc":{"start":{"line":131,"column":4},"end":{"line":131,"column":null}},"type":"if","locations":[{"start":{"line":131,"column":4},"end":{"line":131,"column":null}},{"start":{},"end":{}}],"line":131},"18":{"loc":{"start":{"line":132,"column":4},"end":{"line":132,"column":null}},"type":"if","locations":[{"start":{"line":132,"column":4},"end":{"line":132,"column":null}},{"start":{},"end":{}}],"line":132},"19":{"loc":{"start":{"line":137,"column":4},"end":{"line":137,"column":null}},"type":"if","locations":[{"start":{"line":137,"column":4},"end":{"line":137,"column":null}},{"start":{},"end":{}}],"line":137},"20":{"loc":{"start":{"line":138,"column":4},"end":{"line":138,"column":null}},"type":"if","locations":[{"start":{"line":138,"column":4},"end":{"line":138,"column":null}},{"start":{},"end":{}}],"line":138},"21":{"loc":{"start":{"line":139,"column":4},"end":{"line":139,"column":null}},"type":"if","locations":[{"start":{"line":139,"column":4},"end":{"line":139,"column":null}},{"start":{},"end":{}}],"line":139},"22":{"loc":{"start":{"line":140,"column":4},"end":{"line":140,"column":null}},"type":"if","locations":[{"start":{"line":140,"column":4},"end":{"line":140,"column":null}},{"start":{},"end":{}}],"line":140},"23":{"loc":{"start":{"line":152,"column":8},"end":{"line":155,"column":null}},"type":"if","locations":[{"start":{"line":152,"column":8},"end":{"line":155,"column":null}},{"start":{},"end":{}}],"line":152},"24":{"loc":{"start":{"line":152,"column":12},"end":{"line":152,"column":109}},"type":"binary-expr","locations":[{"start":{"line":152,"column":12},"end":{"line":152,"column":20}},{"start":{"line":152,"column":20},"end":{"line":152,"column":46}},{"start":{"line":152,"column":46},"end":{"line":152,"column":72}},{"start":{"line":152,"column":72},"end":{"line":152,"column":91}},{"start":{"line":152,"column":91},"end":{"line":152,"column":109}}],"line":152},"25":{"loc":{"start":{"line":161,"column":8},"end":{"line":168,"column":null}},"type":"if","locations":[{"start":{"line":161,"column":8},"end":{"line":168,"column":null}},{"start":{},"end":{}}],"line":161},"26":{"loc":{"start":{"line":161,"column":12},"end":{"line":165,"column":110}},"type":"binary-expr","locations":[{"start":{"line":161,"column":12},"end":{"line":161,"column":null}},{"start":{"line":162,"column":12},"end":{"line":162,"column":null}},{"start":{"line":163,"column":12},"end":{"line":163,"column":null}},{"start":{"line":164,"column":12},"end":{"line":164,"column":null}},{"start":{"line":165,"column":12},"end":{"line":165,"column":110}}],"line":161},"27":{"loc":{"start":{"line":173,"column":4},"end":{"line":175,"column":null}},"type":"if","locations":[{"start":{"line":173,"column":4},"end":{"line":175,"column":null}},{"start":{},"end":{}}],"line":173},"28":{"loc":{"start":{"line":191,"column":4},"end":{"line":193,"column":null}},"type":"if","locations":[{"start":{"line":191,"column":4},"end":{"line":193,"column":null}},{"start":{"line":192,"column":9},"end":{"line":193,"column":null}}],"line":191},"29":{"loc":{"start":{"line":191,"column":8},"end":{"line":191,"column":63}},"type":"binary-expr","locations":[{"start":{"line":191,"column":8},"end":{"line":191,"column":37}},{"start":{"line":191,"column":37},"end":{"line":191,"column":63}}],"line":191},"30":{"loc":{"start":{"line":192,"column":9},"end":{"line":193,"column":null}},"type":"if","locations":[{"start":{"line":192,"column":9},"end":{"line":193,"column":null}},{"start":{"line":193,"column":9},"end":{"line":193,"column":null}}],"line":192},"31":{"loc":{"start":{"line":193,"column":9},"end":{"line":193,"column":null}},"type":"if","locations":[{"start":{"line":193,"column":9},"end":{"line":193,"column":null}},{"start":{},"end":{}}],"line":193},"32":{"loc":{"start":{"line":196,"column":4},"end":{"line":199,"column":null}},"type":"if","locations":[{"start":{"line":196,"column":4},"end":{"line":199,"column":null}},{"start":{"line":197,"column":9},"end":{"line":199,"column":null}}],"line":196},"33":{"loc":{"start":{"line":196,"column":8},"end":{"line":196,"column":68}},"type":"binary-expr","locations":[{"start":{"line":196,"column":8},"end":{"line":196,"column":39}},{"start":{"line":196,"column":39},"end":{"line":196,"column":68}}],"line":196},"34":{"loc":{"start":{"line":197,"column":9},"end":{"line":199,"column":null}},"type":"if","locations":[{"start":{"line":197,"column":9},"end":{"line":199,"column":null}},{"start":{"line":198,"column":9},"end":{"line":199,"column":null}}],"line":197},"35":{"loc":{"start":{"line":197,"column":13},"end":{"line":197,"column":73}},"type":"binary-expr","locations":[{"start":{"line":197,"column":13},"end":{"line":197,"column":44}},{"start":{"line":197,"column":44},"end":{"line":197,"column":73}}],"line":197},"36":{"loc":{"start":{"line":198,"column":9},"end":{"line":199,"column":null}},"type":"if","locations":[{"start":{"line":198,"column":9},"end":{"line":199,"column":null}},{"start":{"line":199,"column":9},"end":{"line":199,"column":null}}],"line":198},"37":{"loc":{"start":{"line":199,"column":9},"end":{"line":199,"column":null}},"type":"if","locations":[{"start":{"line":199,"column":9},"end":{"line":199,"column":null}},{"start":{},"end":{}}],"line":199},"38":{"loc":{"start":{"line":199,"column":13},"end":{"line":199,"column":71}},"type":"binary-expr","locations":[{"start":{"line":199,"column":13},"end":{"line":199,"column":45}},{"start":{"line":199,"column":45},"end":{"line":199,"column":71}}],"line":199},"39":{"loc":{"start":{"line":203,"column":4},"end":{"line":206,"column":null}},"type":"if","locations":[{"start":{"line":203,"column":4},"end":{"line":206,"column":null}},{"start":{},"end":{}}],"line":203},"40":{"loc":{"start":{"line":207,"column":4},"end":{"line":207,"column":null}},"type":"if","locations":[{"start":{"line":207,"column":4},"end":{"line":207,"column":null}},{"start":{},"end":{}}],"line":207},"41":{"loc":{"start":{"line":211,"column":4},"end":{"line":211,"column":null}},"type":"if","locations":[{"start":{"line":211,"column":4},"end":{"line":211,"column":null}},{"start":{},"end":{}}],"line":211},"42":{"loc":{"start":{"line":217,"column":4},"end":{"line":217,"column":null}},"type":"if","locations":[{"start":{"line":217,"column":4},"end":{"line":217,"column":null}},{"start":{},"end":{}}],"line":217},"43":{"loc":{"start":{"line":217,"column":8},"end":{"line":217,"column":31}},"type":"binary-expr","locations":[{"start":{"line":217,"column":8},"end":{"line":217,"column":17}},{"start":{"line":217,"column":17},"end":{"line":217,"column":31}}],"line":217},"44":{"loc":{"start":{"line":227,"column":28},"end":{"line":227,"column":null}},"type":"binary-expr","locations":[{"start":{"line":227,"column":28},"end":{"line":227,"column":53}},{"start":{"line":227,"column":53},"end":{"line":227,"column":null}}],"line":227},"45":{"loc":{"start":{"line":231,"column":12},"end":{"line":237,"column":null}},"type":"if","locations":[{"start":{"line":231,"column":12},"end":{"line":237,"column":null}},{"start":{"line":233,"column":19},"end":{"line":237,"column":null}}],"line":231},"46":{"loc":{"start":{"line":234,"column":26},"end":{"line":236,"column":null}},"type":"cond-expr","locations":[{"start":{"line":235,"column":22},"end":{"line":235,"column":null}},{"start":{"line":236,"column":22},"end":{"line":236,"column":null}}],"line":234},"47":{"loc":{"start":{"line":243,"column":20},"end":{"line":243,"column":null}},"type":"if","locations":[{"start":{"line":243,"column":20},"end":{"line":243,"column":null}},{"start":{},"end":{}}],"line":243},"48":{"loc":{"start":{"line":245,"column":16},"end":{"line":245,"column":null}},"type":"if","locations":[{"start":{"line":245,"column":16},"end":{"line":245,"column":null}},{"start":{},"end":{}}],"line":245},"49":{"loc":{"start":{"line":246,"column":16},"end":{"line":251,"column":null}},"type":"if","locations":[{"start":{"line":246,"column":16},"end":{"line":251,"column":null}},{"start":{},"end":{}}],"line":246},"50":{"loc":{"start":{"line":250,"column":20},"end":{"line":250,"column":null}},"type":"if","locations":[{"start":{"line":250,"column":20},"end":{"line":250,"column":null}},{"start":{},"end":{}}],"line":250},"51":{"loc":{"start":{"line":264,"column":16},"end":{"line":277,"column":null}},"type":"if","locations":[{"start":{"line":264,"column":16},"end":{"line":277,"column":null}},{"start":{"line":273,"column":23},"end":{"line":277,"column":null}}],"line":264},"52":{"loc":{"start":{"line":274,"column":20},"end":{"line":274,"column":null}},"type":"if","locations":[{"start":{"line":274,"column":20},"end":{"line":274,"column":null}},{"start":{},"end":{}}],"line":274},"53":{"loc":{"start":{"line":275,"column":20},"end":{"line":275,"column":null}},"type":"if","locations":[{"start":{"line":275,"column":20},"end":{"line":275,"column":null}},{"start":{},"end":{}}],"line":275},"54":{"loc":{"start":{"line":276,"column":20},"end":{"line":276,"column":null}},"type":"if","locations":[{"start":{"line":276,"column":20},"end":{"line":276,"column":null}},{"start":{},"end":{}}],"line":276},"55":{"loc":{"start":{"line":276,"column":24},"end":{"line":276,"column":78}},"type":"binary-expr","locations":[{"start":{"line":276,"column":24},"end":{"line":276,"column":34}},{"start":{"line":276,"column":34},"end":{"line":276,"column":53}},{"start":{"line":276,"column":53},"end":{"line":276,"column":78}}],"line":276},"56":{"loc":{"start":{"line":283,"column":8},"end":{"line":283,"column":null}},"type":"if","locations":[{"start":{"line":283,"column":8},"end":{"line":283,"column":null}},{"start":{},"end":{}}],"line":283},"57":{"loc":{"start":{"line":284,"column":8},"end":{"line":284,"column":null}},"type":"if","locations":[{"start":{"line":284,"column":8},"end":{"line":284,"column":null}},{"start":{},"end":{}}],"line":284},"58":{"loc":{"start":{"line":295,"column":33},"end":{"line":295,"column":53}},"type":"default-arg","locations":[{"start":{"line":295,"column":45},"end":{"line":295,"column":53}}],"line":295},"59":{"loc":{"start":{"line":296,"column":4},"end":{"line":301,"column":null}},"type":"switch","locations":[{"start":{"line":297,"column":8},"end":{"line":297,"column":null}},{"start":{"line":298,"column":8},"end":{"line":298,"column":null}},{"start":{"line":299,"column":8},"end":{"line":299,"column":null}},{"start":{"line":300,"column":8},"end":{"line":300,"column":null}}],"line":296},"60":{"loc":{"start":{"line":321,"column":4},"end":{"line":321,"column":null}},"type":"if","locations":[{"start":{"line":321,"column":4},"end":{"line":321,"column":null}},{"start":{},"end":{}}],"line":321},"61":{"loc":{"start":{"line":326,"column":8},"end":{"line":326,"column":null}},"type":"if","locations":[{"start":{"line":326,"column":8},"end":{"line":326,"column":null}},{"start":{},"end":{}}],"line":326},"62":{"loc":{"start":{"line":328,"column":8},"end":{"line":328,"column":null}},"type":"if","locations":[{"start":{"line":328,"column":8},"end":{"line":328,"column":null}},{"start":{},"end":{}}],"line":328},"63":{"loc":{"start":{"line":328,"column":12},"end":{"line":328,"column":40}},"type":"binary-expr","locations":[{"start":{"line":328,"column":12},"end":{"line":328,"column":26}},{"start":{"line":328,"column":26},"end":{"line":328,"column":40}}],"line":328},"64":{"loc":{"start":{"line":350,"column":4},"end":{"line":350,"column":null}},"type":"if","locations":[{"start":{"line":350,"column":4},"end":{"line":350,"column":null}},{"start":{},"end":{}}],"line":350},"65":{"loc":{"start":{"line":356,"column":24},"end":{"line":356,"column":null}},"type":"binary-expr","locations":[{"start":{"line":356,"column":24},"end":{"line":356,"column":49}},{"start":{"line":356,"column":49},"end":{"line":356,"column":null}}],"line":356},"66":{"loc":{"start":{"line":358,"column":8},"end":{"line":364,"column":null}},"type":"if","locations":[{"start":{"line":358,"column":8},"end":{"line":364,"column":null}},{"start":{"line":360,"column":15},"end":{"line":364,"column":null}}],"line":358},"67":{"loc":{"start":{"line":361,"column":22},"end":{"line":363,"column":null}},"type":"cond-expr","locations":[{"start":{"line":362,"column":18},"end":{"line":362,"column":null}},{"start":{"line":363,"column":18},"end":{"line":363,"column":null}}],"line":361},"68":{"loc":{"start":{"line":370,"column":16},"end":{"line":370,"column":null}},"type":"if","locations":[{"start":{"line":370,"column":16},"end":{"line":370,"column":null}},{"start":{},"end":{}}],"line":370},"69":{"loc":{"start":{"line":372,"column":12},"end":{"line":372,"column":null}},"type":"if","locations":[{"start":{"line":372,"column":12},"end":{"line":372,"column":null}},{"start":{},"end":{}}],"line":372},"70":{"loc":{"start":{"line":373,"column":12},"end":{"line":378,"column":null}},"type":"if","locations":[{"start":{"line":373,"column":12},"end":{"line":378,"column":null}},{"start":{},"end":{}}],"line":373},"71":{"loc":{"start":{"line":377,"column":16},"end":{"line":377,"column":null}},"type":"if","locations":[{"start":{"line":377,"column":16},"end":{"line":377,"column":null}},{"start":{},"end":{}}],"line":377},"72":{"loc":{"start":{"line":390,"column":23},"end":{"line":390,"column":null}},"type":"cond-expr","locations":[{"start":{"line":390,"column":36},"end":{"line":390,"column":40}},{"start":{"line":390,"column":40},"end":{"line":390,"column":null}}],"line":390},"73":{"loc":{"start":{"line":403,"column":4},"end":{"line":403,"column":null}},"type":"if","locations":[{"start":{"line":403,"column":4},"end":{"line":403,"column":null}},{"start":{},"end":{}}],"line":403},"74":{"loc":{"start":{"line":409,"column":24},"end":{"line":409,"column":null}},"type":"binary-expr","locations":[{"start":{"line":409,"column":24},"end":{"line":409,"column":49}},{"start":{"line":409,"column":49},"end":{"line":409,"column":null}}],"line":409},"75":{"loc":{"start":{"line":411,"column":8},"end":{"line":417,"column":null}},"type":"if","locations":[{"start":{"line":411,"column":8},"end":{"line":417,"column":null}},{"start":{"line":413,"column":15},"end":{"line":417,"column":null}}],"line":411},"76":{"loc":{"start":{"line":414,"column":22},"end":{"line":416,"column":null}},"type":"cond-expr","locations":[{"start":{"line":415,"column":18},"end":{"line":415,"column":null}},{"start":{"line":416,"column":18},"end":{"line":416,"column":null}}],"line":414},"77":{"loc":{"start":{"line":423,"column":16},"end":{"line":423,"column":null}},"type":"if","locations":[{"start":{"line":423,"column":16},"end":{"line":423,"column":null}},{"start":{},"end":{}}],"line":423},"78":{"loc":{"start":{"line":425,"column":12},"end":{"line":425,"column":null}},"type":"if","locations":[{"start":{"line":425,"column":12},"end":{"line":425,"column":null}},{"start":{},"end":{}}],"line":425},"79":{"loc":{"start":{"line":426,"column":12},"end":{"line":431,"column":null}},"type":"if","locations":[{"start":{"line":426,"column":12},"end":{"line":431,"column":null}},{"start":{},"end":{}}],"line":426},"80":{"loc":{"start":{"line":430,"column":16},"end":{"line":430,"column":null}},"type":"if","locations":[{"start":{"line":430,"column":16},"end":{"line":430,"column":null}},{"start":{},"end":{}}],"line":430},"81":{"loc":{"start":{"line":445,"column":23},"end":{"line":445,"column":null}},"type":"cond-expr","locations":[{"start":{"line":445,"column":36},"end":{"line":445,"column":40}},{"start":{"line":445,"column":40},"end":{"line":445,"column":null}}],"line":445},"82":{"loc":{"start":{"line":445,"column":40},"end":{"line":445,"column":null}},"type":"cond-expr","locations":[{"start":{"line":445,"column":51},"end":{"line":445,"column":55}},{"start":{"line":445,"column":55},"end":{"line":445,"column":null}}],"line":445},"83":{"loc":{"start":{"line":458,"column":4},"end":{"line":458,"column":null}},"type":"if","locations":[{"start":{"line":458,"column":4},"end":{"line":458,"column":null}},{"start":{},"end":{}}],"line":458},"84":{"loc":{"start":{"line":464,"column":24},"end":{"line":464,"column":null}},"type":"binary-expr","locations":[{"start":{"line":464,"column":24},"end":{"line":464,"column":49}},{"start":{"line":464,"column":49},"end":{"line":464,"column":null}}],"line":464},"85":{"loc":{"start":{"line":466,"column":8},"end":{"line":472,"column":null}},"type":"if","locations":[{"start":{"line":466,"column":8},"end":{"line":472,"column":null}},{"start":{"line":468,"column":15},"end":{"line":472,"column":null}}],"line":466},"86":{"loc":{"start":{"line":469,"column":22},"end":{"line":471,"column":null}},"type":"cond-expr","locations":[{"start":{"line":470,"column":18},"end":{"line":470,"column":null}},{"start":{"line":471,"column":18},"end":{"line":471,"column":null}}],"line":469},"87":{"loc":{"start":{"line":478,"column":16},"end":{"line":478,"column":null}},"type":"if","locations":[{"start":{"line":478,"column":16},"end":{"line":478,"column":null}},{"start":{},"end":{}}],"line":478},"88":{"loc":{"start":{"line":480,"column":12},"end":{"line":480,"column":null}},"type":"if","locations":[{"start":{"line":480,"column":12},"end":{"line":480,"column":null}},{"start":{},"end":{}}],"line":480},"89":{"loc":{"start":{"line":481,"column":12},"end":{"line":486,"column":null}},"type":"if","locations":[{"start":{"line":481,"column":12},"end":{"line":486,"column":null}},{"start":{},"end":{}}],"line":481},"90":{"loc":{"start":{"line":485,"column":16},"end":{"line":485,"column":null}},"type":"if","locations":[{"start":{"line":485,"column":16},"end":{"line":485,"column":null}},{"start":{},"end":{}}],"line":485},"91":{"loc":{"start":{"line":520,"column":4},"end":{"line":520,"column":null}},"type":"if","locations":[{"start":{"line":520,"column":4},"end":{"line":520,"column":null}},{"start":{},"end":{}}],"line":520},"92":{"loc":{"start":{"line":528,"column":8},"end":{"line":528,"column":null}},"type":"if","locations":[{"start":{"line":528,"column":8},"end":{"line":528,"column":null}},{"start":{},"end":{}}],"line":528},"93":{"loc":{"start":{"line":534,"column":28},"end":{"line":534,"column":null}},"type":"binary-expr","locations":[{"start":{"line":534,"column":28},"end":{"line":534,"column":53}},{"start":{"line":534,"column":53},"end":{"line":534,"column":null}}],"line":534},"94":{"loc":{"start":{"line":536,"column":12},"end":{"line":542,"column":null}},"type":"if","locations":[{"start":{"line":536,"column":12},"end":{"line":542,"column":null}},{"start":{"line":538,"column":19},"end":{"line":542,"column":null}}],"line":536},"95":{"loc":{"start":{"line":539,"column":26},"end":{"line":541,"column":null}},"type":"cond-expr","locations":[{"start":{"line":540,"column":22},"end":{"line":540,"column":null}},{"start":{"line":541,"column":22},"end":{"line":541,"column":null}}],"line":539},"96":{"loc":{"start":{"line":548,"column":20},"end":{"line":548,"column":null}},"type":"if","locations":[{"start":{"line":548,"column":20},"end":{"line":548,"column":null}},{"start":{},"end":{}}],"line":548},"97":{"loc":{"start":{"line":550,"column":16},"end":{"line":550,"column":null}},"type":"if","locations":[{"start":{"line":550,"column":16},"end":{"line":550,"column":null}},{"start":{},"end":{}}],"line":550},"98":{"loc":{"start":{"line":551,"column":16},"end":{"line":556,"column":null}},"type":"if","locations":[{"start":{"line":551,"column":16},"end":{"line":556,"column":null}},{"start":{},"end":{}}],"line":551},"99":{"loc":{"start":{"line":555,"column":20},"end":{"line":555,"column":null}},"type":"if","locations":[{"start":{"line":555,"column":20},"end":{"line":555,"column":null}},{"start":{},"end":{}}],"line":555},"100":{"loc":{"start":{"line":578,"column":4},"end":{"line":578,"column":null}},"type":"if","locations":[{"start":{"line":578,"column":4},"end":{"line":578,"column":null}},{"start":{},"end":{}}],"line":578},"101":{"loc":{"start":{"line":578,"column":8},"end":{"line":578,"column":31}},"type":"binary-expr","locations":[{"start":{"line":578,"column":8},"end":{"line":578,"column":17}},{"start":{"line":578,"column":17},"end":{"line":578,"column":31}}],"line":578},"102":{"loc":{"start":{"line":594,"column":8},"end":{"line":601,"column":null}},"type":"if","locations":[{"start":{"line":594,"column":8},"end":{"line":601,"column":null}},{"start":{"line":596,"column":15},"end":{"line":601,"column":null}}],"line":594},"103":{"loc":{"start":{"line":598,"column":12},"end":{"line":600,"column":null}},"type":"if","locations":[{"start":{"line":598,"column":12},"end":{"line":600,"column":null}},{"start":{},"end":{}}],"line":598},"104":{"loc":{"start":{"line":605,"column":8},"end":{"line":605,"column":null}},"type":"if","locations":[{"start":{"line":605,"column":8},"end":{"line":605,"column":null}},{"start":{},"end":{}}],"line":605},"105":{"loc":{"start":{"line":701,"column":4},"end":{"line":708,"column":null}},"type":"if","locations":[{"start":{"line":701,"column":4},"end":{"line":708,"column":null}},{"start":{},"end":{}}],"line":701},"106":{"loc":{"start":{"line":716,"column":8},"end":{"line":716,"column":null}},"type":"if","locations":[{"start":{"line":716,"column":8},"end":{"line":716,"column":null}},{"start":{},"end":{}}],"line":716},"107":{"loc":{"start":{"line":723,"column":14},"end":{"line":731,"column":null}},"type":"binary-expr","locations":[{"start":{"line":723,"column":14},"end":{"line":723,"column":29}},{"start":{"line":723,"column":29},"end":{"line":723,"column":null}},{"start":{"line":724,"column":16},"end":{"line":731,"column":null}}],"line":723},"108":{"loc":{"start":{"line":725,"column":21},"end":{"line":728,"column":null}},"type":"binary-expr","locations":[{"start":{"line":725,"column":21},"end":{"line":725,"column":null}},{"start":{"line":726,"column":24},"end":{"line":728,"column":null}}],"line":725},"109":{"loc":{"start":{"line":728,"column":21},"end":{"line":731,"column":null}},"type":"binary-expr","locations":[{"start":{"line":728,"column":21},"end":{"line":728,"column":null}},{"start":{"line":729,"column":24},"end":{"line":731,"column":null}}],"line":728},"110":{"loc":{"start":{"line":737,"column":16},"end":{"line":737,"column":null}},"type":"if","locations":[{"start":{"line":737,"column":16},"end":{"line":737,"column":null}},{"start":{},"end":{}}],"line":737},"111":{"loc":{"start":{"line":740,"column":16},"end":{"line":740,"column":null}},"type":"if","locations":[{"start":{"line":740,"column":16},"end":{"line":740,"column":null}},{"start":{},"end":{}}],"line":740},"112":{"loc":{"start":{"line":751,"column":33},"end":{"line":752,"column":null}},"type":"binary-expr","locations":[{"start":{"line":751,"column":33},"end":{"line":751,"column":null}},{"start":{"line":752,"column":36},"end":{"line":752,"column":null}}],"line":751},"113":{"loc":{"start":{"line":758,"column":33},"end":{"line":759,"column":null}},"type":"binary-expr","locations":[{"start":{"line":758,"column":33},"end":{"line":758,"column":null}},{"start":{"line":759,"column":36},"end":{"line":759,"column":null}}],"line":758},"114":{"loc":{"start":{"line":765,"column":33},"end":{"line":766,"column":null}},"type":"binary-expr","locations":[{"start":{"line":765,"column":33},"end":{"line":765,"column":null}},{"start":{"line":766,"column":36},"end":{"line":766,"column":null}}],"line":765},"115":{"loc":{"start":{"line":811,"column":93},"end":{"line":811,"column":149}},"type":"cond-expr","locations":[{"start":{"line":811,"column":119},"end":{"line":811,"column":141}},{"start":{"line":811,"column":141},"end":{"line":811,"column":149}}],"line":811},"116":{"loc":{"start":{"line":811,"column":271},"end":{"line":811,"column":307}},"type":"cond-expr","locations":[{"start":{"line":811,"column":287},"end":{"line":811,"column":297}},{"start":{"line":811,"column":297},"end":{"line":811,"column":307}}],"line":811},"117":{"loc":{"start":{"line":816,"column":85},"end":{"line":816,"column":132}},"type":"cond-expr","locations":[{"start":{"line":816,"column":99},"end":{"line":816,"column":123}},{"start":{"line":816,"column":123},"end":{"line":816,"column":132}}],"line":816},"118":{"loc":{"start":{"line":827,"column":4},"end":{"line":827,"column":null}},"type":"if","locations":[{"start":{"line":827,"column":4},"end":{"line":827,"column":null}},{"start":{},"end":{}}],"line":827},"119":{"loc":{"start":{"line":831,"column":18},"end":{"line":831,"column":null}},"type":"cond-expr","locations":[{"start":{"line":831,"column":32},"end":{"line":831,"column":79}},{"start":{"line":831,"column":79},"end":{"line":831,"column":null}}],"line":831},"120":{"loc":{"start":{"line":833,"column":23},"end":{"line":833,"column":null}},"type":"cond-expr","locations":[{"start":{"line":833,"column":37},"end":{"line":833,"column":49}},{"start":{"line":833,"column":49},"end":{"line":833,"column":null}}],"line":833},"121":{"loc":{"start":{"line":833,"column":49},"end":{"line":833,"column":null}},"type":"cond-expr","locations":[{"start":{"line":833,"column":63},"end":{"line":833,"column":75}},{"start":{"line":833,"column":75},"end":{"line":833,"column":null}}],"line":833},"122":{"loc":{"start":{"line":834,"column":23},"end":{"line":834,"column":null}},"type":"cond-expr","locations":[{"start":{"line":834,"column":37},"end":{"line":834,"column":54}},{"start":{"line":834,"column":54},"end":{"line":834,"column":null}}],"line":834},"123":{"loc":{"start":{"line":834,"column":54},"end":{"line":834,"column":null}},"type":"cond-expr","locations":[{"start":{"line":834,"column":68},"end":{"line":834,"column":86}},{"start":{"line":834,"column":86},"end":{"line":834,"column":null}}],"line":834},"124":{"loc":{"start":{"line":845,"column":16},"end":{"line":856,"column":null}},"type":"binary-expr","locations":[{"start":{"line":845,"column":16},"end":{"line":845,"column":41}},{"start":{"line":845,"column":41},"end":{"line":845,"column":67}},{"start":{"line":845,"column":67},"end":{"line":845,"column":91}},{"start":{"line":845,"column":91},"end":{"line":845,"column":null}},{"start":{"line":846,"column":20},"end":{"line":856,"column":null}}],"line":845},"125":{"loc":{"start":{"line":860,"column":14},"end":{"line":888,"column":null}},"type":"binary-expr","locations":[{"start":{"line":860,"column":14},"end":{"line":860,"co
[...]
"s:377:75:377:Infinity":227,"s:379:12:379:Infinity":228,"s:379:25:379:34":229,"s:379:66:379:Infinity":230,"s:382:29:382:Infinity":231,"s:383:27:383:Infinity":232,"s:384:28:384:Infinity":233,"s:385:31:385:Infinity":234,"s:387:12:393:Infinity":235,"b:390:36:390:40:390:40:390:Infinity":72,"s:396:4:396:Infinity":236,"f:401:9:401:36":26,"s:402:19:402:Infinity":237,"b:403:4:403:Infinity:undefined:undefined:undefined:undefined":73,"s:403:4:403:Infinity":238,"s:403:15:403:Infinity":239,"s:405:20:405:Infinity":240,"s:407:17:407:Infinity":241,"s:408:4:450:Infinity":242,"s:409:24:409:Infinity":243,"b:409:24:409:49:409:49:409:Infinity":74,"b:411:8:417:Infinity:413:15:417:Infinity":75,"s:411:8:417:Infinity":244,"s:412:12:412:Infinity":245,"s:414:12:416:Infinity":246,"b:415:18:415:Infinity:416:18:416:Infinity":76,"s:420:8:449:Infinity":247,"s:421:30:421:Infinity":248,"s:422:12:424:Infinity":249,"s:422:25:422:34":250,"b:423:16:423:Infinity:undefined:undefined:undefined:undefined":77,"s:423:16:423:Infinity":251,"s:423:35:423:55":252,"s:423:55:423:62":253,"b:425:12:425:Infinity:undefined:undefined:undefined:undefined":78,"s:425:12:425:Infinity":254,"s:425:29:425:Infinity":255,"b:426:12:431:Infinity:undefined:undefined:undefined:undefined":79,"s:426:12:431:Infinity":256,"s:427:31:427:Infinity":257,"s:428:31:428:Infinity":258,"s:429:28:429:Infinity":259,"b:430:16:430:Infinity:undefined:undefined:undefined:undefined":80,"s:430:16:430:Infinity":260,"f:430:31:430:36":27,"s:430:42:430:72":261,"s:430:75:430:Infinity":262,"s:432:12:432:Infinity":263,"s:432:25:432:34":264,"s:432:66:432:Infinity":265,"s:434:29:434:Infinity":266,"s:435:27:435:Infinity":267,"s:436:28:436:Infinity":268,"s:439:29:439:Infinity":269,"s:440:31:440:Infinity":270,"s:442:12:448:Infinity":271,"b:445:36:445:40:445:40:445:Infinity":81,"b:445:51:445:55:445:55:445:Infinity":82,"s:451:4:451:Infinity":272,"f:456:9:456:35":28,"s:457:19:457:Infinity":273,"b:458:4:458:Infinity:undefined:undefined:undefined:undefined":83,"s:458:4:458:Infinity":274,"s:458:15:458:Infinity":275,"s:460:20:460:Infinity":276,"s:462:17:462:Infinity":277,"s:463:4:501:Infinity":278,"s:464:24:464:Infinity":279,"b:464:24:464:49:464:49:464:Infinity":84,"b:466:8:472:Infinity:468:15:472:Infinity":85,"s:466:8:472:Infinity":280,"s:467:12:467:Infinity":281,"s:469:12:471:Infinity":282,"b:470:18:470:Infinity:471:18:471:Infinity":86,"s:475:8:500:Infinity":283,"s:476:30:476:Infinity":284,"s:477:12:479:Infinity":285,"s:477:25:477:34":286,"b:478:16:478:Infinity:undefined:undefined:undefined:undefined":87,"s:478:16:478:Infinity":287,"s:478:35:478:55":288,"s:478:55:478:62":289,"b:480:12:480:Infinity:undefined:undefined:undefined:undefined":88,"s:480:12:480:Infinity":290,"s:480:29:480:Infinity":291,"b:481:12:486:Infinity:undefined:undefined:undefined:undefined":89,"s:481:12:486:Infinity":292,"s:482:31:482:Infinity":293,"s:483:31:483:Infinity":294,"s:484:28:484:Infinity":295,"b:485:16:485:Infinity:undefined:undefined:undefined:undefined":90,"s:485:16:485:Infinity":296,"f:485:31:485:36":29,"s:485:42:485:72":297,"s:485:75:485:Infinity":298,"s:487:12:487:Infinity":299,"s:487:25:487:34":300,"s:487:66:487:Infinity":301,"s:489:29:489:Infinity":302,"s:490:27:490:Infinity":303,"s:491:28:491:Infinity":304,"s:493:12:499:Infinity":305,"s:502:4:502:Infinity":306,"s:507:27:511:Infinity":307,"f:513:9:513:20":30,"s:514:18:514:Infinity":308,"s:515:4:515:Infinity":309,"f:515:30:515:35":31,"s:515:41:515:59":310,"f:518:9:518:37":32,"s:519:19:519:Infinity":311,"b:520:4:520:Infinity:undefined:undefined:undefined:undefined":91,"s:520:4:520:Infinity":312,"s:520:15:520:Infinity":313,"s:523:22:523:Infinity":314,"s:525:4:572:Infinity":315,"s:527:26:527:Infinity":316,"b:528:8:528:Infinity:undefined:undefined:undefined:undefined":92,"s:528:8:528:Infinity":317,"s:528:36:528:Infinity":318,"s:530:24:530:Infinity":319,"s:532:21:532:Infinity":320,"s:533:8:571:Infinity":321,"s:534:28:534:Infinity":322,"b:534:28:534:53:534:53:534:Infinity":93,"b:536:12:542:Infinity:538:19:542:Infinity":94,"s:536:12:542:Infinity":323,"s:537:16:537:Infinity":324,"s:539:16:541:Infinity":325,"b:540:22:540:Infinity:541:22:541:Infinity":95,"s:545:12:570:Infinity":326,"s:546:34:546:Infinity":327,"s:547:16:549:Infinity":328,"s:547:29:547:38":329,"b:548:20:548:Infinity:undefined:undefined:undefined:undefined":96,"s:548:20:548:Infinity":330,"s:548:39:548:59":331,"s:548:59:548:66":332,"b:550:16:550:Infinity:undefined:undefined:undefined:undefined":97,"s:550:16:550:Infinity":333,"s:550:33:550:Infinity":334,"b:551:16:556:Infinity:undefined:undefined:undefined:undefined":98,"s:551:16:556:Infinity":335,"s:552:35:552:Infinity":336,"s:553:35:553:Infinity":337,"s:554:32:554:Infinity":338,"b:555:20:555:Infinity:undefined:undefined:undefined:undefined":99,"s:555:20:555:Infinity":339,"f:555:35:555:40":33,"s:555:46:555:76":340,"s:555:79:555:Infinity":341,"s:557:16:557:Infinity":342,"s:557:29:557:38":343,"s:557:70:557:Infinity":344,"s:559:33:559:Infinity":345,"s:560:31:560:Infinity":346,"s:561:32:561:Infinity":347,"s:563:16:569:Infinity":348,"s:573:4:573:Infinity":349,"f:577:16:577:32":34,"b:578:4:578:Infinity:undefined:undefined:undefined:undefined":100,"s:578:4:578:Infinity":350,"b:578:8:578:17:578:17:578:31":101,"s:578:31:578:Infinity":351,"s:580:21:580:Infinity":352,"s:582:23:582:Infinity":353,"s:583:22:583:Infinity":354,"s:584:23:584:Infinity":355,"s:585:22:585:Infinity":356,"s:588:19:588:Infinity":357,"s:590:22:590:Infinity":358,"s:592:4:602:Infinity":359,"s:593:25:593:Infinity":360,"b:594:8:601:Infinity:596:15:601:Infinity":102,"s:594:8:601:Infinity":361,"s:595:12:595:Infinity":362,"b:598:12:600:Infinity:undefined:undefined:undefined:undefined":103,"s:598:12:600:Infinity":363,"s:599:16:599:Infinity":364,"s:604:4:607:Infinity":365,"f:604:39:604:45":35,"b:605:8:605:Infinity:undefined:undefined:undefined:undefined":104,"s:605:8:605:Infinity":366,"s:605:33:605:Infinity":367,"s:606:8:606:Infinity":368,"s:616:18:616:Infinity":369,"f:692:9:692:25":36,"s:693:4:696:Infinity":370,"f:700:9:700:27":37,"b:701:4:708:Infinity:undefined:undefined:undefined:undefined":105,"s:701:4:708:Infinity":371,"s:702:8:706:Infinity":372,"s:710:18:710:Infinity":373,"s:711:21:711:Infinity":374,"f:711:29:711:36":38,"s:711:41:711:58":375,"s:712:21:712:Infinity":376,"f:712:29:712:36":39,"s:712:41:712:58":377,"s:713:10:713:Infinity":378,"f:713:30:713:38":40,"s:713:49:713:64":379,"s:715:19:718:Infinity":380,"f:715:32:715:38":41,"b:716:8:716:Infinity:undefined:undefined:undefined:undefined":106,"s:716:8:716:Infinity":381,"s:716:43:716:Infinity":382,"s:717:8:717:Infinity":383,"s:720:4:822:Infinity":384,"b:723:14:723:29:723:29:723:Infinity:724:16:731:Infinity":107,"b:725:21:725:Infinity:726:24:728:Infinity":108,"b:728:21:728:Infinity:729:24:731:Infinity":109,"f:735:20:735:Infinity":42,"s:736:37:736:Infinity":385,"b:737:16:737:Infinity:undefined:undefined:undefined:undefined":110,"s:737:16:737:Infinity":386,"s:737:35:737:Infinity":387,"s:739:35:739:Infinity":388,"b:740:16:740:Infinity:undefined:undefined:undefined:undefined":111,"s:740:16:740:Infinity":389,"s:740:33:740:Infinity":390,"s:742:16:770:Infinity":391,"b:751:33:751:Infinity:752:36:752:Infinity":112,"b:758:33:758:Infinity:759:36:759:Infinity":113,"b:765:33:765:Infinity:766:36:766:Infinity":114,"f:810:32:810:37":43,"s:811:28:817:Infinity":392,"b:811:119:811:141:811:141:811:149":115,"b:811:287:811:297:811:297:811:307":116,"b:816:99:816:123:816:123:816:132":117,"f:826:9:826:25":44,"b:827:4:827:Infinity:undefined:undefined:undefined:undefined":118,"s:827:4:827:Infinity":393,"s:827:14:827:Infinity":394,"s:829:52:829:Infinity":395,"s:830:20:830:Infinity":396,"s:831:18:831:Infinity":397,"b:831:32:831:79:831:79:831:Infinity":119,"s:833:23:833:Infinity":398,"b:833:37:833:49:833:49:833:Infinity":120,"b:833:63:833:75:833:75:833:Infinity":121,"s:834:23:834:Infinity":399,"b:834:37:834:54:834:54:834:Infinity":122,"b:834:68:834:86:834:86:834:Infinity":123,"s:838:4:1001:Infinity":400,"b:845:16:845:41:845:41:845:67:845:67:845:91:845:91:845:Infinity:846:20:856:Infinity":124,"b:860:14:860:29:860:29:860:Infinity:861:16:888:Infinity":125,"b:862:21:862:36:862:36:862:Infinity":126,"b:863:21:863:32:863:32:863:Infinity":127,"b:864:21:864:Infinity:865:24:886:Infinity":128,"b:866:29:866:Infinity:867:32:869:Infinity":129,"b:871:29:871:Infinity:872:32:874:Infinity":130,"b:876:29:876:Infinity:877:32:879:Infinity":131,"b:881:29:881:Infinity:882:32:884:Infinity":132,"b:919:13:919:Infinity:920:16:935:Infinity":133,"f:927:30:927:35":45,"s:928:24:933:Infinity":401,"b:928:118:928:140:928:140:928:148":134,"b:928:280:928:290:928:290:928:300":135,"b:939:13:939:Infinity:940:16:957:Infinity":136,"f:947:31:947:36":46,"s:948:24:955:Infinity":402,"b:948:119:948:141:948:141:948:149":137,"b:948:281:948:291:948:291:948:301":138,"b:961:13:961:Infinity:962:16:979:Infinity":139,"f:969:29:969:34":47,"s:970:24:977:Infinity":403,"b:970:117:970:139:970:139:970:147":140,"b:970:279:970:289:970:289:970:299":141,"b:983:13:983:Infinity:984:16:998:Infinity":142,"f:992:31:992:35":48,"s:993:28:995:Infinity":404,"f:1005:9:1005:27":49,"s:1006:26:1011:Infinity":405,"s:1013:4:1059:Infinity":406,"f:1025:105:1025:112":50,"s:1025:117:1025:130":407,"f:1029:105:1029:112":51,"s:1029:117:1029:130":408,"f:1034:38:1034:46":52,"s:1034:55:1034:68":409,"f:1049:29:1049:34":53,"s:1050:24:1055:Infinity":410,"b:1050:112:1050:134:1050:134:1050:142":143,"b:1050:274:1050:284:1050:284:1050:294":144,"b:1054:86:1054:117:1054:117:1054:127":145,"f:1063:9:1063:21":54,"b:1064:4:1070:Infinity:undefined:undefined:undefined:undefined":146,"s:1064:4:1070:Infinity":411,"s:1065:8:1068:Infinity":412,"s:1072:4:1072:Infinity":413,"f:1075:9:1075:18":55,"s:1076:4:1131:Infinity":414,"f:1139:16:1139:31":56,"b:1140:4:1140:Infinity:undefined:undefined:undefined:undefined":147,"s:1140:4:1140:Infinity":415,"b:1140:8:1140:21:1140:21:1140:36":148,"s:1140:36:1140:Infinity":416,"s:1142:22:1142:Infinity":417,"f:1142:43:1142:47":57,"s:1142:52:1142:63":418,"s:1144:21:1144:Infinity":419,"s:1145:22:1145:Infinity":420,"s:1146:20:1146:Infinity":421,"s:1147:18:1147:Infinity":422,"s:1150:4:1174:Infinity":423,"s:1151:28:1151:Infinity":424,"b:1152:8:1173:Infinity:1159:15:1173:Infinity":149,"s:1152:8:1173:Infinity":425,"s:1154:12:1158:Infinity":426,"b:1159:15:1173:Infinity:1166:15:1173:Infinity":150,"s:1159:15:1173:Infinity":427,"b:1159:19:1159:56:1159:56:1159:81":151,"s:1161:12:1165:Infinity":428,"s:1168:12:1172:Infinity":429,"s:1177:25:1177:Infinity":430,"f:1177:42:1177:46":58,"s:1177:51:1177:57":431,"s:1178:4:1182:Infinity":432,"b:1179:8:1181:Infinity:undefined:undefined:undefined:undefined":152,"s:1179:8:1181:Infinity":433,"s:1180:12:1180:Infinity":434,"s:1185:4:1185:Infinity":435,"f:1185:13:1185:19":59,"s:1185:28:1185:55":436,"s:1186:4:1186:Infinity":437,"f:1186:14:1186:20":60,"s:1186:29:1186:56":438,"s:1188:4:1188:Infinity":439,"f:1195:24:1195:30":61,"s:1196:22:1196:Infinity":440,"s:1197:18:1197:Infinity":441,"s:1198:24:1198:Infinity":442,"s:1199:20:1199:Infinity":443,"s:1200:20:1200:Infinity":444,"s:1201:24:1201:Infinity":445,"s:1202:26:1202:Infinity":446,"s:1203:20:1203:Infinity":447,"s:1205:10:1216:Infinity":448,"f:1205:10:1205:24":62,"s:1206:74:1206:Infinity":449,"s:1207:21:1207:Infinity":450,"s:1208:8:1208:Infinity":451,"s:1209:8:1209:Infinity":452,"s:1210:8:1210:Infinity":453,"s:1211:26:1211:Infinity":454,"s:1212:8:1212:Infinity":455,"b:1213:8:1215:Infinity:undefined:undefined:undefined:undefined":153,"s:1213:8:1215:Infinity":456,"b:1213:12:1213:29:1213:29:1213:55":154,"s:1214:12:1214:Infinity":457,"s:1218:10:1225:Infinity":458,"f:1218:10:1218:30":63,"s:1219:23:1219:Infinity":459,"s:1220:8:1220:Infinity":460,"b:1222:8:1224:Infinity:undefined:undefined:undefined:undefined":155,"s:1222:8:1224:Infinity":461,"b:1222:12:1222:23:1222:23:1222:43":156,"s:1223:12:1223:Infinity":462,"s:1227:10:1237:Infinity":463,"f:1227:10:1227:29":64,"b:1228:8:1228:Infinity:undefined:undefined:undefined:undefined":157,"s:1228:8:1228:Infinity":464,"s:1228:22:1228:Infinity":465,"s:1229:21:1229:Infinity":466,"s:1230:21:1230:Infinity":467,"s:1231:20:1231:Infinity":468,"s:1232:18:1232:Infinity":469,"s:1233:8:1233:Infinity":470,"s:1234:8:1234:Infinity":471,"s:1235:8:1235:Infinity":472,"s:1236:8:1236:Infinity":473,"s:1239:4:1432:Infinity":474,"f:1266:22:1266:26":65,"s:1267:24:1283:Infinity":475,"f:1269:28:1269:43":66,"s:1269:43:1269:Infinity":476,"b:1275:70:1275:92:1275:92:1275:Infinity":158,"b:1277:63:1277:75:1277:75:1277:Infinity":159,"b:1288:17:1288:Infinity:1289:20:1347:Infinity":160,"f:1297:40:1297:55":67,"s:1297:55:1297:Infinity":477,"f:1303:40:1303:55":68,"s:1303:57:1303:71":478,"s:1303:71:1303:89":479,"f:1312:32:1312:42":69,"s:1312:47:1312:Infinity":480,"b:1329:33:1329:44:1329:44:1329:Infinity:1330:36:1337:Infinity":161,"b:1339:32:1344:33:1344:32:1346:Infinity":162,"b:1351:17:1351:Infinity:1352:20:1405:Infinity":163,"f:1360:40:1360:55":70,"s:1360:57:1360:77":481,"s:1360:77:1360:101":482,"f:1377:32:1377:42":71,"s:1377:47:1377:Infinity":483,"b:1394:32:1397:46:1397:32:1404:Infinity":164,"b:1398:32:1402:33:1402:32:1404:Infinity":165,"b:1409:17:1409:Infinity:1410:20:1426:Infinity":166,"b:1412:28:1424:29:1424:28:1426:Infinity":167,"b:1411:26:1411:38:1411:38:1411:Infinity":168,"b:1415:67:1415:79:1415:79:1415:89":169,"b:1416:51:1416:57:1416:57:1416:61":170,"b:1418:73:1418:85:1418:85:1418:95":171,"b:1419:57:1419:63:1419:63:1419:67":172}}}
,"C:\\Users\\nikec\\Desktop\\jd-skill-parser\\src\\lib\\registry.js": {"path":"C:\\Users\\nikec\\Desktop\\jd-skill-parser\\src\\lib\\registry.js","statementMap":{"0":{"start":{"line":4,"column":19},"end":{"line":4,"column":null}},"1":{"start":{"line":4,"column":54},"end":{"line":4,"column":63}},"2":{"start":{"line":5,"column":19},"end":{"line":5,"column":null}},"3":{"start":{"line":5,"column":52},"end":{"line":5,"column":61}},"4":{"start":{"line":9,"column":17},"end":{"line":18,"column":null}},"5":{"start":{"line":11,"column":8},"end":{"line":16,"column":null}},"6":{"start":{"line":11,"column":35},"end":{"line":16,"column":10}},"7":{"start":{"line":18,"column":20},"end":{"line":18,"column":51}},"8":{"start":{"line":21,"column":4},"end":{"line":21,"column":null}},"9":{"start":{"line":27,"column":4},"end":{"line":27,"column":null}},"10":{"start":{"line":27,"column":24},"end":{"line":27,"column":null}},"11":{"start":{"line":28,"column":23},"end":{"line":28,"column":null}},"12":{"start":{"line":29,"column":4},"end":{"line":39,"column":null}},"13":{"start":{"line":30,"column":22},"end":{"line":30,"column":null}},"14":{"start":{"line":31,"column":8},"end":{"line":38,"column":null}},"15":{"start":{"line":32,"column":12},"end":{"line":37,"column":null}},"16":{"start":{"line":34,"column":57},"end":{"line":34,"column":92}},"17":{"start":{"line":35,"column":57},"end":{"line":35,"column":92}},"18":{"start":{"line":36,"column":58},"end":{"line":36,"column":93}},"19":{"start":{"line":40,"column":4},"end":{"line":40,"column":null}},"20":{"start":{"line":44,"column":4},"end":{"line":44,"column":null}},"21":{"start":{"line":48,"column":4},"end":{"line":48,"column":null}}},"fnMap":{"0":{"name":"(anonymous_0)","decl":{"start":{"line":4,"column":45},"end":{"line":4,"column":49}},"loc":{"start":{"line":4,"column":54},"end":{"line":4,"column":63}},"line":4},"1":{"name":"(anonymous_1)","decl":{"start":{"line":5,"column":43},"end":{"line":5,"column":47}},"loc":{"start":{"line":5,"column":52},"end":{"line":5,"column":61}},"line":5},"2":{"name":"(anonymous_2)","decl":{"start":{"line":10,"column":5},"end":{"line":10,"column":13}},"loc":{"start":{"line":11,"column":8},"end":{"line":16,"column":null}},"line":11},"3":{"name":"(anonymous_3)","decl":{"start":{"line":11,"column":23},"end":{"line":11,"column":27}},"loc":{"start":{"line":11,"column":35},"end":{"line":16,"column":10}},"line":11},"4":{"name":"(anonymous_4)","decl":{"start":{"line":18,"column":5},"end":{"line":18,"column":11}},"loc":{"start":{"line":18,"column":20},"end":{"line":18,"column":51}},"line":18},"5":{"name":"getAllSkillEntries","decl":{"start":{"line":20,"column":16},"end":{"line":20,"column":37}},"loc":{"start":{"line":20,"column":37},"end":{"line":22,"column":null}},"line":20},"6":{"name":"matchRole","decl":{"start":{"line":26,"column":16},"end":{"line":26,"column":26}},"loc":{"start":{"line":26,"column":41},"end":{"line":41,"column":null}},"line":26},"7":{"name":"(anonymous_7)","decl":{"start":{"line":34,"column":47},"end":{"line":34,"column":51}},"loc":{"start":{"line":34,"column":57},"end":{"line":34,"column":92}},"line":34},"8":{"name":"(anonymous_8)","decl":{"start":{"line":35,"column":47},"end":{"line":35,"column":51}},"loc":{"start":{"line":35,"column":57},"end":{"line":35,"column":92}},"line":35},"9":{"name":"(anonymous_9)","decl":{"start":{"line":36,"column":48},"end":{"line":36,"column":52}},"loc":{"start":{"line":36,"column":58},"end":{"line":36,"column":93}},"line":36},"10":{"name":"listRoles","decl":{"start":{"line":43,"column":16},"end":{"line":43,"column":28}},"loc":{"start":{"line":43,"column":28},"end":{"line":45,"column":null}},"line":43},"11":{"name":"getVersion","decl":{"start":{"line":47,"column":16},"end":{"line":47,"column":29}},"loc":{"start":{"line":47,"column":29},"end":{"line":49,"column":null}},"line":47}},"branchMap":{"0":{"loc":{"start":{"line":27,"column":4},"end":{"line":27,"column":null}},"type":"if","locations":[{"start":{"line":27,"column":4},"end":{"line":27,"column":null}},{"start":{},"end":{}}],"line":27},"1":{"loc":{"start":{"line":31,"column":8},"end":{"line":38,"column":null}},"type":"if","locations":[{"start":{"line":31,"column":8},"end":{"line":38,"column":null}},{"start":{},"end":{}}],"line":31},"2":{"loc":{"start":{"line":31,"column":12},"end":{"line":31,"column":70}},"type":"binary-expr","locations":[{"start":{"line":31,"column":12},"end":{"line":31,"column":42}},{"start":{"line":31,"column":42},"end":{"line":31,"column":70}}],"line":31},"3":{"loc":{"start":{"line":34,"column":57},"end":{"line":34,"column":92}},"type":"binary-expr","locations":[{"start":{"line":34,"column":57},"end":{"line":34,"column":90}},{"start":{"line":34,"column":90},"end":{"line":34,"column":92}}],"line":34},"4":{"loc":{"start":{"line":35,"column":57},"end":{"line":35,"column":92}},"type":"binary-expr","locations":[{"start":{"line":35,"column":57},"end":{"line":35,"column":90}},{"start":{"line":35,"column":90},"end":{"line":35,"column":92}}],"line":35},"5":{"loc":{"start":{"line":36,"column":58},"end":{"line":36,"column":93}},"type":"binary-expr","locations":[{"start":{"line":36,"column":58},"end":{"line":36,"column":91}},{"start":{"line":36,"column":91},"end":{"line":36,"column":93}}],"line":36}},"s":{"0":3,"1":384,"2":3,"3":30,"4":3,"5":384,"6":660,"7":4242,"8":12,"9":9,"10":2,"11":7,"12":7,"13":40,"14":40,"15":5,"16":25,"17":20,"18":20,"19":2,"20":6,"21":4},"f":{"0":384,"1":30,"2":384,"3":660,"4":4242,"5":12,"6":9,"7":25,"8":20,"9":20,"10":6,"11":4},"b":{"0":[2,7],"1":[5,35],"2":[40,35],"3":[25,0],"4":[20,0],"5":[20,0]},"meta":{"lastBranch":6,"lastFunction":12,"lastStatement":22,"seen":{"s:4:19:4:Infinity":0,"f:4:45:4:49":0,"s:4:54:4:63":1,"s:5:19:5:Infinity":2,"f:5:43:5:47":1,"s:5:52:5:61":3,"s:9:17:18:Infinity":4,"f:10:5:10:13":2,"s:11:8:16:Infinity":5,"f:11:23:11:27":3,"s:11:35:16:10":6,"f:18:5:18:11":4,"s:18:20:18:51":7,"f:20:16:20:37":5,"s:21:4:21:Infinity":8,"f:26:16:26:26":6,"b:27:4:27:Infinity:undefined:undefined:undefined:undefined":0,"s:27:4:27:Infinity":9,"s:27:24:27:Infinity":10,"s:28:23:28:Infinity":11,"s:29:4:39:Infinity":12,"s:30:22:30:Infinity":13,"b:31:8:38:Infinity:undefined:undefined:undefined:undefined":1,"s:31:8:38:Infinity":14,"b:31:12:31:42:31:42:31:70":2,"s:32:12:37:Infinity":15,"f:34:47:34:51":7,"s:34:57:34:92":16,"b:34:57:34:90:34:90:34:92":3,"f:35:47:35:51":8,"s:35:57:35:92":17,"b:35:57:35:90:35:90:35:92":4,"f:36:48:36:52":9,"s:36:58:36:93":18,"b:36:58:36:91:36:91:36:93":5,"s:40:4:40:Infinity":19,"f:43:16:43:28":10,"s:44:4:44:Infinity":20,"f:47:16:47:29":11,"s:48:4:48:Infinity":21}}}
}
